-- The C compiler identification is GNU 13.3.0
-- The CXX compiler identification is GNU 13.3.0
-- Detecting C compiler ABI info
-- Detecting C compiler ABI info - done
-- Check for working C compiler: /usr/bin/cc - skipped
-- Detecting C compile features
-- Detecting C compile features - done
-- Detecting CXX compiler ABI info
-- Detecting CXX compiler ABI info - done
-- Check for working CXX compiler: /usr/bin/c++ - skipped
-- Detecting CXX compile features
-- Detecting CXX compile features - done
-- Found ros2_control_cmake: 0.1.1 (/home/ros/ros2_ws/install/ros2_control_cmake/share/ros2_control_cmake/cmake)
-- Compiler warnings enabled for GNU
-- Detected GCC Version: 13.3.0 (Major: 13, Minor: 3)
-- Found ament_cmake: 2.5.3 (/opt/ros/jazzy/share/ament_cmake/cmake)
-- Found Python3: /usr/bin/python3 (found version "3.12.3") found components: Interpreter 
-- Override CMake install command with custom implementation using symlinks instead of copying resources
-- Found control_msgs: 5.4.0 (/home/ros/ros2_ws/install/control_msgs/share/control_msgs/cmake)
-- Found rosidl_generator_c: 4.6.5 (/opt/ros/jazzy/share/rosidl_generator_c/cmake)
-- Found rosidl_generator_cpp: 4.6.5 (/opt/ros/jazzy/share/rosidl_generator_cpp/cmake)
-- Using all available rosidl_typesupport_c: rosidl_typesupport_fastrtps_c;rosidl_typesupport_introspection_c
-- Using all available rosidl_typesupport_cpp: rosidl_typesupport_fastrtps_cpp;rosidl_typesupport_introspection_cpp
-- Found controller_interface: 4.27.0 (/home/ros/ros2_ws/install/controller_interface/share/controller_interface/cmake)
-- Found TinyXML2 via Config file: /usr/lib/x86_64-linux-gnu/cmake/tinyxml2
-- Found rmw_implementation_cmake: 7.3.1 (/opt/ros/jazzy/share/rmw_implementation_cmake/cmake)
-- Found rmw_fastrtps_cpp: 8.4.1 (/opt/ros/jazzy/share/rmw_fastrtps_cpp/cmake)
-- Found TinyXML2 via Config file: /usr/lib/x86_64-linux-gnu/cmake/tinyxml2
-- Found OpenSSL: /usr/lib/x86_64-linux-gnu/libcrypto.so (found version "3.0.13")  
-- Found TinyXML2 via Config file: /usr/lib/x86_64-linux-gnu/cmake/tinyxml2
-- Found FastRTPS: /opt/ros/jazzy/include (Required is at least version "2.13") 
-- Found TinyXML2 via Config file: /usr/lib/x86_64-linux-gnu/cmake/tinyxml2
-- Found TinyXML2 via Config file: /usr/lib/x86_64-linux-gnu/cmake/tinyxml2
-- Using RMW implementation 'rmw_fastrtps_cpp' as default
-- Found generate_parameter_library: 0.4.0 (/opt/ros/jazzy/share/generate_parameter_library/cmake)
-- Found parameter_traits: 0.4.0 (/opt/ros/jazzy/share/parameter_traits/cmake)
-- Found nav_msgs: 5.3.5 (/opt/ros/jazzy/share/nav_msgs/cmake)
-- Found std_srvs: 5.3.5 (/opt/ros/jazzy/share/std_srvs/cmake)
-- Found tf2: 0.36.8 (/opt/ros/jazzy/share/tf2/cmake)
-- Found tf2_msgs: 0.36.8 (/opt/ros/jazzy/share/tf2_msgs/cmake)
-- Found tf2_geometry_msgs: 0.36.8 (/opt/ros/jazzy/share/tf2_geometry_msgs/cmake)
-- Found eigen3_cmake_module: 0.3.0 (/opt/ros/jazzy/share/eigen3_cmake_module/cmake)
-- Found Eigen3: TRUE (found version "3.4.0") 
-- Ensuring Eigen3 include directory is part of orocos-kdl CMake target
-- Found ackermann_msgs: 2.0.2 (/opt/ros/jazzy/share/ackermann_msgs/cmake)
-- Found ament_cmake_gmock: 2.5.3 (/opt/ros/jazzy/share/ament_cmake_gmock/cmake)
-- Found controller_manager: 4.27.0 (/home/ros/ros2_ws/install/controller_manager/share/controller_manager/cmake)
-- Found ros2_control_test_assets: 4.27.0 (/home/ros/ros2_ws/install/ros2_control_test_assets/share/ros2_control_test_assets/cmake)
-- Found gmock sources under '/opt/ros/jazzy/src/gmock_vendor': C++ tests using 'Google Mock' will be built
-- Found ament_cmake_gtest: 2.5.3 (/opt/ros/jazzy/share/ament_cmake_gtest/cmake)
-- Found gtest sources under '/opt/ros/jazzy/src/gtest_vendor': C++ tests using 'Google Test' will be built
-- Found gmock sources under '/opt/ros/jazzy/src/gmock_vendor': C++ tests using 'Google Mock' will be built
-- Found ament_cmake_gtest: 2.5.3 (/opt/ros/jazzy/share/ament_cmake_gtest/cmake)
-- Found gtest sources under '/opt/ros/jazzy/src/gtest_vendor': C++ tests using 'Google Test' will be built
-- Configuring done (5.5s)
-- Generating done (0.1s)
-- Build files have been written to: /home/ros/ros2_ws/build/steering_controllers_library
[  7%] [34m[1mRunning `/opt/ros/jazzy/bin/generate_parameter_library_cpp /home/ros/ros2_ws/build/steering_controllers_library/include/steering_controllers_library/steering_controllers_library_parameters.hpp /home/ros/ros2_ws/src/ros-controls/ros2_controllers/steering_controllers_library/src/steering_controllers_library.yaml `[0m
[ 14%] [34m[1mCreating deprecated header file /home/ros/ros2_ws/build/steering_controllers_library/include/steering_controllers_library_parameters.hpp[0m
[ 14%] Built target steering_controllers_library_parameters
[ 21%] [32mBuilding CXX object gmock/CMakeFiles/gmock.dir/opt/ros/jazzy/src/gtest_vendor/src/gtest-all.cc.o[0m
[ 28%] [32mBuilding CXX object gmock/CMakeFiles/gmock.dir/src/gmock-all.cc.o[0m
[ 35%] [32m[1mLinking CXX static library libgmock.a[0m
[ 35%] Built target gmock
[ 42%] [32mBuilding CXX object gmock/CMakeFiles/gmock_main.dir/src/gmock_main.cc.o[0m
[ 50%] [32m[1mLinking CXX static library libgmock_main.a[0m
[ 50%] Built target gmock_main
[ 57%] [32mBuilding CXX object CMakeFiles/steering_controllers_library.dir/src/steering_controllers_library.cpp.o[0m
[01m[K/home/ros/ros2_ws/src/ros-controls/ros2_controllers/steering_controllers_library/src/steering_controllers_library.cpp:[m[K In member function â€˜[01m[Kvirtual controller_interface::CallbackReturn steering_controllers_library::SteeringControllersLibrary::[01;32m[Kon_deactivate[m[K(const rclcpp_lifecycle::State&)[m[Kâ€™:
[01m[K/home/ros/ros2_ws/src/ros-controls/ros2_controllers/steering_controllers_library/src/steering_controllers_library.cpp:352:37:[m[K [01;35m[Kwarning: [m[Kignoring return value of â€˜[01m[Kbool hardware_interface::LoanedCommandInterface::[01;32m[Kset_value[m[K(const T&, unsigned int) [35m[K[with T = double][m[K[m[Kâ€™, declared with attribute â€˜[01m[Knodiscard[m[Kâ€™ [[01;35m[K]8;;https://gcc.gnu.org/onlinedocs/gcc/Warning-Options.html#index-Wunused-result-Wunused-result]8;;[m[K]
  352 |     [01;35m[Kcommand_interfaces_[i].set_value(std::numeric_limits<double>::quiet_NaN())[m[K;
      |     [01;35m[K~~~~~~~~~~~~~~~~~~~~~~~~~~~~~~~~^~~~~~~~~~~~~~~~~~~~~~~~~~~~~~~~~~~~~~~~~~[m[K
In file included from [01m[K/home/ros/ros2_ws/install/controller_interface/include/controller_interface/controller_interface/controller_interface_base.hpp:27[m[K,
                 from [01m[K/home/ros/ros2_ws/install/controller_interface/include/controller_interface/controller_interface/chainable_controller_interface.hpp:23[m[K,
                 from [01m[K/home/ros/ros2_ws/src/ros-controls/ros2_controllers/steering_controllers_library/include/steering_controllers_library/steering_controllers_library.hpp:23[m[K,
                 from [01m[K/home/ros/ros2_ws/src/ros-controls/ros2_controllers/steering_controllers_library/src/steering_controllers_library.cpp:15[m[K:
[01m[K/home/ros/ros2_ws/install/hardware_interface/include/hardware_interface/hardware_interface/loaned_command_interface.hpp:113:22:[m[K [01;36m[Knote: [m[Kdeclared here
  113 |   [[nodiscard]] bool [01;36m[Kset_value[m[K(const T & value, unsigned int max_tries = 10)
      |                      [01;36m[K^~~~~~~~~[m[K
[01m[K/home/ros/ros2_ws/src/ros-controls/ros2_controllers/steering_controllers_library/src/steering_controllers_library.cpp:[m[K In member function â€˜[01m[Kvirtual controller_interface::return_type steering_controllers_library::SteeringControllersLibrary::[01;32m[Kupdate_and_write_commands[m[K(const rclcpp::Time&, const rclcpp::Duration&)[m[Kâ€™:
[01m[K/home/ros/ros2_ws/src/ros-controls/ros2_controllers/steering_controllers_library/src/steering_controllers_library.cpp:399:41:[m[K [01;35m[Kwarning: [m[Kignoring return value of â€˜[01m[Kbool hardware_interface::LoanedCommandInterface::[01;32m[Kset_value[m[K(const T&, unsigned int) [35m[K[with T = double][m[K[m[Kâ€™, declared with attribute â€˜[01m[Knodiscard[m[Kâ€™ [[01;35m[K]8;;https://gcc.gnu.org/onlinedocs/gcc/Warning-Options.html#index-Wunused-result-Wunused-result]8;;[m[K]
  399 |         [01;35m[Kcommand_interfaces_[i].set_value(timeout ? 0.0 : traction_commands[i])[m[K;
      |         [01;35m[K~~~~~~~~~~~~~~~~~~~~~~~~~~~~~~~~^~~~~~~~~~~~~~~~~~~~~~~~~~~~~~~~~~~~~~[m[K
[01m[K/home/ros/ros2_ws/install/hardware_interface/include/hardware_interface/hardware_interface/loaned_command_interface.hpp:113:22:[m[K [01;36m[Knote: [m[Kdeclared here
  113 |   [[nodiscard]] bool [01;36m[Kset_value[m[K(const T & value, unsigned int max_tries = 10)
      |                      [01;36m[K^~~~~~~~~[m[K
[01m[K/home/ros/ros2_ws/src/ros-controls/ros2_controllers/steering_controllers_library/src/steering_controllers_library.cpp:403:76:[m[K [01;35m[Kwarning: [m[Kignoring return value of â€˜[01m[Kbool hardware_interface::LoanedCommandInterface::[01;32m[Kset_value[m[K(const T&, unsigned int) [35m[K[with T = double][m[K[m[Kâ€™, declared with attribute â€˜[01m[Knodiscard[m[Kâ€™ [[01;35m[K]8;;https://gcc.gnu.org/onlinedocs/gcc/Warning-Options.html#index-Wunused-result-Wunused-result]8;;[m[K]
  403 | [01;35m[K_interfaces_[i + params_.rear_wheels_names.size()].set_value(steering_commands[i])[m[K;
      | [01;35m[K~~~~~~~~~~~~~~~~~~~~~~~~~~~~~~~~~~~~~~~~~~~~~~~~~~~~~~~~~~~~^~~~~~~~~~~~~~~~~~~~~~[m[K

[01m[K/home/ros/ros2_ws/install/hardware_interface/include/hardware_interface/hardware_interface/loaned_command_interface.hpp:113:22:[m[K [01;36m[Knote: [m[Kdeclared here
  113 |   [[nodiscard]] bool [01;36m[Kset_value[m[K(const T & value, unsigned int max_tries = 10)
      |                      [01;36m[K^~~~~~~~~[m[K
[01m[K/home/ros/ros2_ws/src/ros-controls/ros2_controllers/steering_controllers_library/src/steering_controllers_library.cpp:411:43:[m[K [01;35m[Kwarning: [m[Kignoring return value of â€˜[01m[Kbool hardware_interface::LoanedCommandInterface::[01;32m[Kset_value[m[K(const T&, unsigned int) [35m[K[with T = double][m[K[m[Kâ€™, declared with attribute â€˜[01m[Knodiscard[m[Kâ€™ [[01;35m[K]8;;https://gcc.gnu.org/onlinedocs/gcc/Warning-Options.html#index-Wunused-result-Wunused-result]8;;[m[K]
  411 |           [01;35m[Kcommand_interfaces_[i].set_value(timeout ? 0.0 : traction_commands[i])[m[K;
      |           [01;35m[K~~~~~~~~~~~~~~~~~~~~~~~~~~~~~~~~^~~~~~~~~~~~~~~~~~~~~~~~~~~~~~~~~~~~~~[m[K
[01m[K/home/ros/ros2_ws/install/hardware_interface/include/hardware_interface/hardware_interface/loaned_command_interface.hpp:113:22:[m[K [01;36m[Knote: [m[Kdeclared here
  113 |   [[nodiscard]] bool [01;36m[Kset_value[m[K(const T & value, unsigned int max_tries = 10)
      |                      [01;36m[K^~~~~~~~~[m[K
[01m[K/home/ros/ros2_ws/src/ros-controls/ros2_controllers/steering_controllers_library/src/steering_controllers_library.cpp:415:79:[m[K [01;35m[Kwarning: [m[Kignoring return value of â€˜[01m[Kbool hardware_interface::LoanedCommandInterface::[01;32m[Kset_value[m[K(const T&, unsigned int) [35m[K[with T = double][m[K[m[Kâ€™, declared with attribute â€˜[01m[Knodiscard[m[Kâ€™ [[01;35m[K]8;;https://gcc.gnu.org/onlinedocs/gcc/Warning-Options.html#index-Wunused-result-Wunused-result]8;;[m[K]
  415 |   [01;35m[Kcommand_interfaces_[i + params_.front_wheels_names.size()].set_value([m[K
      |   [01;35m[K~~~~~~~~~~~~~~~~~~~~~~~~~~~~~~~~~~~~~~~~~~~~~~~~~~~~~~~~~~~~~~~~~~~~^[m[K

  416 | [01;35m[K    steering_commands[i])[m[K;
      |     [01;35m[K~~~~~~~~~~~~~~~~~~~~~[m[K                                              

[01m[K/home/ros/ros2_ws/install/hardware_interface/include/hardware_interface/hardware_interface/loaned_command_interface.hpp:113:22:[m[K [01;36m[Knote: [m[Kdeclared here
  113 |   [[nodiscard]] bool [01;36m[Kset_value[m[K(const T & value, unsigned int max_tries = 10)
      |                      [01;36m[K^~~~~~~~~[m[K
[01m[K/home/ros/ros2_ws/src/ros-controls/ros2_controllers/steering_controllers_library/src/steering_controllers_library.cpp:475:41:[m[K [01;35m[Kwarning: [m[Kâ€˜[01m[Kdouble hardware_interface::LoanedStateInterface::[01;32m[Kget_value[m[K() const[m[Kâ€™ is deprecated: Use std::optional<T> get_optional() instead to retrieve the value. This method will be removed by the ROS 2 Kilted Kaiju release. [[01;35m[K]8;;https://gcc.gnu.org/onlinedocs/gcc/Warning-Options.html#index-Wdeprecated-declarations-Wdeprecated-declarations]8;;[m[K]
  475 |           [01;35m[Kstate_interfaces_[i].get_value()[m[K);
      |           [01;35m[K~~~~~~~~~~~~~~~~~~~~~~~~~~~~~~^~[m[K
In file included from [01m[K/home/ros/ros2_ws/install/controller_interface/include/controller_interface/controller_interface/controller_interface_base.hpp:28[m[K:
[01m[K/home/ros/ros2_ws/install/hardware_interface/include/hardware_interface/hardware_interface/loaned_state_interface.hpp:94:10:[m[K [01;36m[Knote: [m[Kdeclared here
   94 |   double [01;36m[Kget_value[m[K() const
      |          [01;36m[K^~~~~~~~~[m[K
[01m[K/home/ros/ros2_ws/src/ros-controls/ros2_controllers/steering_controllers_library/src/steering_controllers_library.cpp:480:41:[m[K [01;35m[Kwarning: [m[Kâ€˜[01m[Kdouble hardware_interface::LoanedStateInterface::[01;32m[Kget_value[m[K() const[m[Kâ€™ is deprecated: Use std::optional<T> get_optional() instead to retrieve the value. This method will be removed by the ROS 2 Kilted Kaiju release. [[01;35m[K]8;;https://gcc.gnu.org/onlinedocs/gcc/Warning-Options.html#index-Wdeprecated-declarations-Wdeprecated-declarations]8;;[m[K]
  480 |           [01;35m[Kstate_interfaces_[i].get_value()[m[K);
      |           [01;35m[K~~~~~~~~~~~~~~~~~~~~~~~~~~~~~~^~[m[K
[01m[K/home/ros/ros2_ws/install/hardware_interface/include/hardware_interface/hardware_interface/loaned_state_interface.hpp:94:10:[m[K [01;36m[Knote: [m[Kdeclared here
   94 |   double [01;36m[Kget_value[m[K() const
      |          [01;36m[K^~~~~~~~~[m[K
[01m[K/home/ros/ros2_ws/src/ros-controls/ros2_controllers/steering_controllers_library/src/steering_controllers_library.cpp:483:41:[m[K [01;35m[Kwarning: [m[Kâ€˜[01m[Kdouble hardware_interface::LoanedCommandInterface::[01;32m[Kget_value[m[K() const[m[Kâ€™ is deprecated: Use std::optional<T> get_optional() instead to retrieve the value. This method will be removed by the ROS 2 Kilted Kaiju release. [[01;35m[K]8;;https://gcc.gnu.org/onlinedocs/gcc/Warning-Options.html#index-Wdeprecated-declarations-Wdeprecated-declarations]8;;[m[K]
  483 |         [01;35m[Kcommand_interfaces_[i].get_value()[m[K);
      |         [01;35m[K~~~~~~~~~~~~~~~~~~~~~~~~~~~~~~~~^~[m[K
[01m[K/home/ros/ros2_ws/install/hardware_interface/include/hardware_interface/hardware_interface/loaned_command_interface.hpp:134:10:[m[K [01;36m[Knote: [m[Kdeclared here
  134 |   double [01;36m[Kget_value[m[K() const
      |          [01;36m[K^~~~~~~~~[m[K
[01m[K/home/ros/ros2_ws/src/ros-controls/ros2_controllers/steering_controllers_library/src/steering_controllers_library.cpp:489:67:[m[K [01;35m[Kwarning: [m[Kâ€˜[01m[Kdouble hardware_interface::LoanedStateInterface::[01;32m[Kget_value[m[K() const[m[Kâ€™ is deprecated: Use std::optional<T> get_optional() instead to retrieve the value. This method will be removed by the ROS 2 Kilted Kaiju release. [[01;35m[K]8;;https://gcc.gnu.org/onlinedocs/gcc/Warning-Options.html#index-Wdeprecated-declarations-Wdeprecated-declarations]8;;[m[K]
  489 |         [01;35m[Kstate_interfaces_[number_of_traction_wheels + i].get_value()[m[K);
      |         [01;35m[K~~~~~~~~~~~~~~~~~~~~~~~~~~~~~~~~~~~~~~~~~~~~~~~~~~~~~~~~~~^~[m[K
[01m[K/home/ros/ros2_ws/install/hardware_interface/include/hardware_interface/hardware_interface/loaned_state_interface.hpp:94:10:[m[K [01;36m[Knote: [m[Kdeclared here
   94 |   double [01;36m[Kget_value[m[K() const
      |          [01;36m[K^~~~~~~~~[m[K
[01m[K/home/ros/ros2_ws/src/ros-controls/ros2_controllers/steering_controllers_library/src/steering_controllers_library.cpp:491:69:[m[K [01;35m[Kwarning: [m[Kâ€˜[01m[Kdouble hardware_interface::LoanedCommandInterface::[01;32m[Kget_value[m[K() const[m[Kâ€™ is deprecated: Use std::optional<T> get_optional() instead to retrieve the value. This method will be removed by the ROS 2 Kilted Kaiju release. [[01;35m[K]8;;https://gcc.gnu.org/onlinedocs/gcc/Warning-Options.html#index-Wdeprecated-declarations-Wdeprecated-declarations]8;;[m[K]
  491 |        [01;35m[Kcommand_interfaces_[number_of_traction_wheels + i].get_value()[m[K);
      |        [01;35m[K~~~~~~~~~~~~~~~~~~~~~~~~~~~~~~~~~~~~~~~~~~~~~~~~~~~~~~~~~~~~^~[m[K

[01m[K/home/ros/ros2_ws/install/hardware_interface/include/hardware_interface/hardware_interface/loaned_command_interface.hpp:134:10:[m[K [01;36m[Knote: [m[Kdeclared here
  134 |   double [01;36m[Kget_value[m[K() const
      |          [01;36m[K^~~~~~~~~[m[K
[ 64%] [32mBuilding CXX object CMakeFiles/steering_controllers_library.dir/src/steering_odometry.cpp.o[0m
[ 71%] [32m[1mLinking CXX shared library libsteering_controllers_library.so[0m
[ 71%] Built target steering_controllers_library
[ 78%] [32mBuilding CXX object CMakeFiles/test_steering_controllers_library.dir/test/test_steering_controllers_library.cpp.o[0m
In file included from [01m[K/opt/ros/jazzy/src/gtest_vendor/include/gtest/gtest.h:72[m[K,
                 from [01m[K/opt/ros/jazzy/src/gmock_vendor/include/gmock/internal/gmock-internal-utils.h:50[m[K,
                 from [01m[K/opt/ros/jazzy/src/gmock_vendor/include/gmock/gmock-actions.h:145[m[K,
                 from [01m[K/opt/ros/jazzy/src/gmock_vendor/include/gmock/gmock.h:56[m[K,
                 from [01m[K/home/ros/ros2_ws/src/ros-controls/ros2_controllers/steering_controllers_library/test/test_steering_controllers_library.hpp:18[m[K,
                 from [01m[K/home/ros/ros2_ws/src/ros-controls/ros2_controllers/steering_controllers_library/test/test_steering_controllers_library.cpp:21[m[K:
[01m[K/home/ros/ros2_ws/src/ros-controls/ros2_controllers/steering_controllers_library/test/test_steering_controllers_library.cpp:[m[K In member function â€˜[01m[Kvirtual void SteeringControllersLibraryTest_test_both_update_methods_for_ref_timeout_Test::[01;32m[KTestBody[m[K()[m[Kâ€™:
[01m[K/home/ros/ros2_ws/src/ros-controls/ros2_controllers/steering_controllers_library/test/test_steering_controllers_library.cpp:149:58:[m[K [01;35m[Kwarning: [m[Kâ€˜[01m[Kdouble hardware_interface::LoanedCommandInterface::[01;32m[Kget_value[m[K() const[m[Kâ€™ is deprecated: Use std::optional<T> get_optional() instead to retrieve the value. This method will be removed by the ROS 2 Kilted Kaiju release. [[01;35m[K]8;;https://gcc.gnu.org/onlinedocs/gcc/Warning-Options.html#index-Wdeprecated-declarations-Wdeprecated-declarations]8;;[m[K]
  149 |   EXPECT_EQ([01;35m[Kcontroller_->command_interfaces_[0].get_value()[m[K, 0);
      |             [01;35m[K~~~~~~~~~~~~~~~~~~~~~~~~~~~~~~~~~~~~~~~~~~~~~^~[m[K
[01m[K/opt/ros/jazzy/src/gtest_vendor/include/gtest/gtest_pred_impl.h:79:52:[m[K [01;36m[Knote: [m[Kin definition of macro â€˜[01m[KGTEST_ASSERT_[m[Kâ€™
   79 |   if (const ::testing::AssertionResult gtest_ar = ([01;36m[Kexpression[m[K)) \
      |                                                    [01;36m[K^~~~~~~~~~[m[K
[01m[K/opt/ros/jazzy/src/gtest_vendor/include/gtest/gtest_pred_impl.h:144:3:[m[K [01;36m[Knote: [m[Kin expansion of macro â€˜[01m[KGTEST_PRED_FORMAT2_[m[Kâ€™
  144 |   [01;36m[KGTEST_PRED_FORMAT2_[m[K(pred_format, v1, v2, GTEST_NONFATAL_FAILURE_)
      |   [01;36m[K^~~~~~~~~~~~~~~~~~~[m[K
[01m[K/opt/ros/jazzy/src/gtest_vendor/include/gtest/gtest.h:1869:3:[m[K [01;36m[Knote: [m[Kin expansion of macro â€˜[01m[KEXPECT_PRED_FORMAT2[m[Kâ€™
 1869 |   [01;36m[KEXPECT_PRED_FORMAT2[m[K(::testing::internal::EqHelper::Compare, val1, val2)
      |   [01;36m[K^~~~~~~~~~~~~~~~~~~[m[K
[01m[K/home/ros/ros2_ws/src/ros-controls/ros2_controllers/steering_controllers_library/test/test_steering_controllers_library.cpp:149:3:[m[K [01;36m[Knote: [m[Kin expansion of macro â€˜[01m[KEXPECT_EQ[m[Kâ€™
  149 |   [01;36m[KEXPECT_EQ[m[K(controller_->command_interfaces_[0].get_value(), 0);
      |   [01;36m[K^~~~~~~~~[m[K
In file included from [01m[K/home/ros/ros2_ws/src/ros-controls/ros2_controllers/steering_controllers_library/test/test_steering_controllers_library.hpp:26[m[K:
[01m[K/home/ros/ros2_ws/install/hardware_interface/include/hardware_interface/hardware_interface/loaned_command_interface.hpp:134:10:[m[K [01;36m[Knote: [m[Kdeclared here
  134 |   double [01;36m[Kget_value[m[K() const
      |          [01;36m[K^~~~~~~~~[m[K
[01m[K/home/ros/ros2_ws/src/ros-controls/ros2_controllers/steering_controllers_library/test/test_steering_controllers_library.cpp:150:58:[m[K [01;35m[Kwarning: [m[Kâ€˜[01m[Kdouble hardware_interface::LoanedCommandInterface::[01;32m[Kget_value[m[K() const[m[Kâ€™ is deprecated: Use std::optional<T> get_optional() instead to retrieve the value. This method will be removed by the ROS 2 Kilted Kaiju release. [[01;35m[K]8;;https://gcc.gnu.org/onlinedocs/gcc/Warning-Options.html#index-Wdeprecated-declarations-Wdeprecated-declarations]8;;[m[K]
  150 |   EXPECT_EQ([01;35m[Kcontroller_->command_interfaces_[1].get_value()[m[K, 0);
      |             [01;35m[K~~~~~~~~~~~~~~~~~~~~~~~~~~~~~~~~~~~~~~~~~~~~~^~[m[K
[01m[K/opt/ros/jazzy/src/gtest_vendor/include/gtest/gtest_pred_impl.h:79:52:[m[K [01;36m[Knote: [m[Kin definition of macro â€˜[01m[KGTEST_ASSERT_[m[Kâ€™
   79 |   if (const ::testing::AssertionResult gtest_ar = ([01;36m[Kexpression[m[K)) \
      |                                                    [01;36m[K^~~~~~~~~~[m[K
[01m[K/opt/ros/jazzy/src/gtest_vendor/include/gtest/gtest_pred_impl.h:144:3:[m[K [01;36m[Knote: [m[Kin expansion of macro â€˜[01m[KGTEST_PRED_FORMAT2_[m[Kâ€™
  144 |   [01;36m[KGTEST_PRED_FORMAT2_[m[K(pred_format, v1, v2, GTEST_NONFATAL_FAILURE_)
      |   [01;36m[K^~~~~~~~~~~~~~~~~~~[m[K
[01m[K/opt/ros/jazzy/src/gtest_vendor/include/gtest/gtest.h:1869:3:[m[K [01;36m[Knote: [m[Kin expansion of macro â€˜[01m[KEXPECT_PRED_FORMAT2[m[Kâ€™
 1869 |   [01;36m[KEXPECT_PRED_FORMAT2[m[K(::testing::internal::EqHelper::Compare, val1, val2)
      |   [01;36m[K^~~~~~~~~~~~~~~~~~~[m[K
[01m[K/home/ros/ros2_ws/src/ros-controls/ros2_controllers/steering_controllers_library/test/test_steering_controllers_library.cpp:150:3:[m[K [01;36m[Knote: [m[Kin expansion of macro â€˜[01m[KEXPECT_EQ[m[Kâ€™
  150 |   [01;36m[KEXPECT_EQ[m[K(controller_->command_interfaces_[1].get_value(), 0);
      |   [01;36m[K^~~~~~~~~[m[K
[01m[K/home/ros/ros2_ws/install/hardware_interface/include/hardware_interface/hardware_interface/loaned_command_interface.hpp:134:10:[m[K [01;36m[Knote: [m[Kdeclared here
  134 |   double [01;36m[Kget_value[m[K() const
      |          [01;36m[K^~~~~~~~~[m[K
[01m[K/home/ros/ros2_ws/src/ros-controls/ros2_controllers/steering_controllers_library/test/test_steering_controllers_library.cpp:153:60:[m[K [01;35m[Kwarning: [m[Kâ€˜[01m[Kdouble hardware_interface::LoanedCommandInterface::[01;32m[Kget_value[m[K() const[m[Kâ€™ is deprecated: Use std::optional<T> get_optional() instead to retrieve the value. This method will be removed by the ROS 2 Kilted Kaiju release. [[01;35m[K]8;;https://gcc.gnu.org/onlinedocs/gcc/Warning-Options.html#index-Wdeprecated-declarations-Wdeprecated-declarations]8;;[m[K]
  153 |   EXPECT_NEAR([01;35m[Kcontroller_->command_interfaces_[2].get_value()[m[K, 0.575875, 1e-6);
      |               [01;35m[K~~~~~~~~~~~~~~~~~~~~~~~~~~~~~~~~~~~~~~~~~~~~~^~[m[K
[01m[K/opt/ros/jazzy/src/gtest_vendor/include/gtest/gtest_pred_impl.h:79:52:[m[K [01;36m[Knote: [m[Kin definition of macro â€˜[01m[KGTEST_ASSERT_[m[Kâ€™
   79 |   if (const ::testing::AssertionResult gtest_ar = ([01;36m[Kexpression[m[K)) \
      |                                                    [01;36m[K^~~~~~~~~~[m[K
[01m[K/opt/ros/jazzy/src/gtest_vendor/include/gtest/gtest_pred_impl.h:183:3:[m[K [01;36m[Knote: [m[Kin expansion of macro â€˜[01m[KGTEST_PRED_FORMAT3_[m[Kâ€™
  183 |   [01;36m[KGTEST_PRED_FORMAT3_[m[K(pred_format, v1, v2, v3, GTEST_NONFATAL_FAILURE_)
      |   [01;36m[K^~~~~~~~~~~~~~~~~~~[m[K
[01m[K/opt/ros/jazzy/src/gtest_vendor/include/gtest/gtest.h:1986:3:[m[K [01;36m[Knote: [m[Kin expansion of macro â€˜[01m[KEXPECT_PRED_FORMAT3[m[Kâ€™
 1986 |   [01;36m[KEXPECT_PRED_FORMAT3[m[K(::testing::internal::DoubleNearPredFormat, val1, val2, \
      |   [01;36m[K^~~~~~~~~~~~~~~~~~~[m[K
[01m[K/home/ros/ros2_ws/src/ros-controls/ros2_controllers/steering_controllers_library/test/test_steering_controllers_library.cpp:153:3:[m[K [01;36m[Knote: [m[Kin expansion of macro â€˜[01m[KEXPECT_NEAR[m[Kâ€™
  153 |   [01;36m[KEXPECT_NEAR[m[K(controller_->command_interfaces_[2].get_value(), 0.575875, 1e-6);
      |   [01;36m[K^~~~~~~~~~~[m[K
[01m[K/home/ros/ros2_ws/install/hardware_interface/include/hardware_interface/hardware_interface/loaned_command_interface.hpp:134:10:[m[K [01;36m[Knote: [m[Kdeclared here
  134 |   double [01;36m[Kget_value[m[K() const
      |          [01;36m[K^~~~~~~~~[m[K
[01m[K/home/ros/ros2_ws/src/ros-controls/ros2_controllers/steering_controllers_library/test/test_steering_controllers_library.cpp:154:60:[m[K [01;35m[Kwarning: [m[Kâ€˜[01m[Kdouble hardware_interface::LoanedCommandInterface::[01;32m[Kget_value[m[K() const[m[Kâ€™ is deprecated: Use std::optional<T> get_optional() instead to retrieve the value. This method will be removed by the ROS 2 Kilted Kaiju release. [[01;35m[K]8;;https://gcc.gnu.org/onlinedocs/gcc/Warning-Options.html#index-Wdeprecated-declarations-Wdeprecated-declarations]8;;[m[K]
  154 |   EXPECT_NEAR([01;35m[Kcontroller_->command_interfaces_[3].get_value()[m[K, 0.575875, 1e-6);
      |               [01;35m[K~~~~~~~~~~~~~~~~~~~~~~~~~~~~~~~~~~~~~~~~~~~~~^~[m[K
[01m[K/opt/ros/jazzy/src/gtest_vendor/include/gtest/gtest_pred_impl.h:79:52:[m[K [01;36m[Knote: [m[Kin definition of macro â€˜[01m[KGTEST_ASSERT_[m[Kâ€™
   79 |   if (const ::testing::AssertionResult gtest_ar = ([01;36m[Kexpression[m[K)) \
      |                                                    [01;36m[K^~~~~~~~~~[m[K
[01m[K/opt/ros/jazzy/src/gtest_vendor/include/gtest/gtest_pred_impl.h:183:3:[m[K [01;36m[Knote: [m[Kin expansion of macro â€˜[01m[KGTEST_PRED_FORMAT3_[m[Kâ€™
  183 |   [01;36m[KGTEST_PRED_FORMAT3_[m[K(pred_format, v1, v2, v3, GTEST_NONFATAL_FAILURE_)
      |   [01;36m[K^~~~~~~~~~~~~~~~~~~[m[K
[01m[K/opt/ros/jazzy/src/gtest_vendor/include/gtest/gtest.h:1986:3:[m[K [01;36m[Knote: [m[Kin expansion of macro â€˜[01m[KEXPECT_PRED_FORMAT3[m[Kâ€™
 1986 |   [01;36m[KEXPECT_PRED_FORMAT3[m[K(::testing::internal::DoubleNearPredFormat, val1, val2, \
      |   [01;36m[K^~~~~~~~~~~~~~~~~~~[m[K
[01m[K/home/ros/ros2_ws/src/ros-controls/ros2_controllers/steering_controllers_library/test/test_steering_controllers_library.cpp:154:3:[m[K [01;36m[Knote: [m[Kin expansion of macro â€˜[01m[KEXPECT_NEAR[m[Kâ€™
  154 |   [01;36m[KEXPECT_NEAR[m[K(controller_->command_interfaces_[3].get_value(), 0.575875, 1e-6);
      |   [01;36m[K^~~~~~~~~~~[m[K
[01m[K/home/ros/ros2_ws/install/hardware_interface/include/hardware_interface/hardware_interface/loaned_command_interface.hpp:134:10:[m[K [01;36m[Knote: [m[Kdeclared here
  134 |   double [01;36m[Kget_value[m[K() const
      |          [01;36m[K^~~~~~~~~[m[K
[01m[K/home/ros/ros2_ws/src/ros-controls/ros2_controllers/steering_controllers_library/test/test_steering_controllers_library.cpp:193:58:[m[K [01;35m[Kwarning: [m[Kâ€˜[01m[Kdouble hardware_interface::LoanedCommandInterface::[01;32m[Kget_value[m[K() const[m[Kâ€™ is deprecated: Use std::optional<T> get_optional() instead to retrieve the value. This method will be removed by the ROS 2 Kilted Kaiju release. [[01;35m[K]8;;https://gcc.gnu.org/onlinedocs/gcc/Warning-Options.html#index-Wdeprecated-declarations-Wdeprecated-declarations]8;;[m[K]
  193 |   EXPECT_EQ([01;35m[Kcontroller_->command_interfaces_[0].get_value()[m[K, 0);
      |             [01;35m[K~~~~~~~~~~~~~~~~~~~~~~~~~~~~~~~~~~~~~~~~~~~~~^~[m[K
[01m[K/opt/ros/jazzy/src/gtest_vendor/include/gtest/gtest_pred_impl.h:79:52:[m[K [01;36m[Knote: [m[Kin definition of macro â€˜[01m[KGTEST_ASSERT_[m[Kâ€™
   79 |   if (const ::testing::AssertionResult gtest_ar = ([01;36m[Kexpression[m[K)) \
      |                                                    [01;36m[K^~~~~~~~~~[m[K
[01m[K/opt/ros/jazzy/src/gtest_vendor/include/gtest/gtest_pred_impl.h:144:3:[m[K [01;36m[Knote: [m[Kin expansion of macro â€˜[01m[KGTEST_PRED_FORMAT2_[m[Kâ€™
  144 |   [01;36m[KGTEST_PRED_FORMAT2_[m[K(pred_format, v1, v2, GTEST_NONFATAL_FAILURE_)
      |   [01;36m[K^~~~~~~~~~~~~~~~~~~[m[K
[01m[K/opt/ros/jazzy/src/gtest_vendor/include/gtest/gtest.h:1869:3:[m[K [01;36m[Knote: [m[Kin expansion of macro â€˜[01m[KEXPECT_PRED_FORMAT2[m[Kâ€™
 1869 |   [01;36m[KEXPECT_PRED_FORMAT2[m[K(::testing::internal::EqHelper::Compare, val1, val2)
      |   [01;36m[K^~~~~~~~~~~~~~~~~~~[m[K
[01m[K/home/ros/ros2_ws/src/ros-controls/ros2_controllers/steering_controllers_library/test/test_steering_controllers_library.cpp:193:3:[m[K [01;36m[Knote: [m[Kin expansion of macro â€˜[01m[KEXPECT_EQ[m[Kâ€™
  193 |   [01;36m[KEXPECT_EQ[m[K(controller_->command_interfaces_[0].get_value(), 0);
      |   [01;36m[K^~~~~~~~~[m[K
[01m[K/home/ros/ros2_ws/install/hardware_interface/include/hardware_interface/hardware_interface/loaned_command_interface.hpp:134:10:[m[K [01;36m[Knote: [m[Kdeclared here
  134 |   double [01;36m[Kget_value[m[K() const
      |          [01;36m[K^~~~~~~~~[m[K
[01m[K/home/ros/ros2_ws/src/ros-controls/ros2_controllers/steering_controllers_library/test/test_steering_controllers_library.cpp:194:58:[m[K [01;35m[Kwarning: [m[Kâ€˜[01m[Kdouble hardware_interface::LoanedCommandInterface::[01;32m[Kget_value[m[K() const[m[Kâ€™ is deprecated: Use std::optional<T> get_optional() instead to retrieve the value. This method will be removed by the ROS 2 Kilted Kaiju release. [[01;35m[K]8;;https://gcc.gnu.org/onlinedocs/gcc/Warning-Options.html#index-Wdeprecated-declarations-Wdeprecated-declarations]8;;[m[K]
  194 |   EXPECT_EQ([01;35m[Kcontroller_->command_interfaces_[1].get_value()[m[K, 0);
      |             [01;35m[K~~~~~~~~~~~~~~~~~~~~~~~~~~~~~~~~~~~~~~~~~~~~~^~[m[K
[01m[K/opt/ros/jazzy/src/gtest_vendor/include/gtest/gtest_pred_impl.h:79:52:[m[K [01;36m[Knote: [m[Kin definition of macro â€˜[01m[KGTEST_ASSERT_[m[Kâ€™
   79 |   if (const ::testing::AssertionResult gtest_ar = ([01;36m[Kexpression[m[K)) \
      |                                                    [01;36m[K^~~~~~~~~~[m[K
[01m[K/opt/ros/jazzy/src/gtest_vendor/include/gtest/gtest_pred_impl.h:144:3:[m[K [01;36m[Knote: [m[Kin expansion of macro â€˜[01m[KGTEST_PRED_FORMAT2_[m[Kâ€™
  144 |   [01;36m[KGTEST_PRED_FORMAT2_[m[K(pred_format, v1, v2, GTEST_NONFATAL_FAILURE_)
      |   [01;36m[K^~~~~~~~~~~~~~~~~~~[m[K
[01m[K/opt/ros/jazzy/src/gtest_vendor/include/gtest/gtest.h:1869:3:[m[K [01;36m[Knote: [m[Kin expansion of macro â€˜[01m[KEXPECT_PRED_FORMAT2[m[Kâ€™
 1869 |   [01;36m[KEXPECT_PRED_FORMAT2[m[K(::testing::internal::EqHelper::Compare, val1, val2)
      |   [01;36m[K^~~~~~~~~~~~~~~~~~~[m[K
[01m[K/home/ros/ros2_ws/src/ros-controls/ros2_controllers/steering_controllers_library/test/test_steering_controllers_library.cpp:194:3:[m[K [01;36m[Knote: [m[Kin expansion of macro â€˜[01m[KEXPECT_EQ[m[Kâ€™
  194 |   [01;36m[KEXPECT_EQ[m[K(controller_->command_interfaces_[1].get_value(), 0);
      |   [01;36m[K^~~~~~~~~[m[K
[01m[K/home/ros/ros2_ws/install/hardware_interface/include/hardware_interface/hardware_interface/loaned_command_interface.hpp:134:10:[m[K [01;36m[Knote: [m[Kdeclared here
  134 |   double [01;36m[Kget_value[m[K() const
      |          [01;36m[K^~~~~~~~~[m[K
[01m[K/home/ros/ros2_ws/src/ros-controls/ros2_controllers/steering_controllers_library/test/test_steering_controllers_library.cpp:197:60:[m[K [01;35m[Kwarning: [m[Kâ€˜[01m[Kdouble hardware_interface::LoanedCommandInterface::[01;32m[Kget_value[m[K() const[m[Kâ€™ is deprecated: Use std::optional<T> get_optional() instead to retrieve the value. This method will be removed by the ROS 2 Kilted Kaiju release. [[01;35m[K]8;;https://gcc.gnu.org/onlinedocs/gcc/Warning-Options.html#index-Wdeprecated-declarations-Wdeprecated-declarations]8;;[m[K]
  197 |   EXPECT_NEAR([01;35m[Kcontroller_->command_interfaces_[2].get_value()[m[K, 0.575875, 1e-6);
      |               [01;35m[K~~~~~~~~~~~~~~~~~~~~~~~~~~~~~~~~~~~~~~~~~~~~~^~[m[K
[01m[K/opt/ros/jazzy/src/gtest_vendor/include/gtest/gtest_pred_impl.h:79:52:[m[K [01;36m[Knote: [m[Kin definition of macro â€˜[01m[KGTEST_ASSERT_[m[Kâ€™
   79 |   if (const ::testing::AssertionResult gtest_ar = ([01;36m[Kexpression[m[K)) \
      |                                                    [01;36m[K^~~~~~~~~~[m[K
[01m[K/opt/ros/jazzy/src/gtest_vendor/include/gtest/gtest_pred_impl.h:183:3:[m[K [01;36m[Knote: [m[Kin expansion of macro â€˜[01m[KGTEST_PRED_FORMAT3_[m[Kâ€™
  183 |   [01;36m[KGTEST_PRED_FORMAT3_[m[K(pred_format, v1, v2, v3, GTEST_NONFATAL_FAILURE_)
      |   [01;36m[K^~~~~~~~~~~~~~~~~~~[m[K
[01m[K/opt/ros/jazzy/src/gtest_vendor/include/gtest/gtest.h:1986:3:[m[K [01;36m[Knote: [m[Kin expansion of macro â€˜[01m[KEXPECT_PRED_FORMAT3[m[Kâ€™
 1986 |   [01;36m[KEXPECT_PRED_FORMAT3[m[K(::testing::internal::DoubleNearPredFormat, val1, val2, \
      |   [01;36m[K^~~~~~~~~~~~~~~~~~~[m[K
[01m[K/home/ros/ros2_ws/src/ros-controls/ros2_controllers/steering_controllers_library/test/test_steering_controllers_library.cpp:197:3:[m[K [01;36m[Knote: [m[Kin expansion of macro â€˜[01m[KEXPECT_NEAR[m[Kâ€™
  197 |   [01;36m[KEXPECT_NEAR[m[K(controller_->command_interfaces_[2].get_value(), 0.575875, 1e-6);
      |   [01;36m[K^~~~~~~~~~~[m[K
[01m[K/home/ros/ros2_ws/install/hardware_interface/include/hardware_interface/hardware_interface/loaned_command_interface.hpp:134:10:[m[K [01;36m[Knote: [m[Kdeclared here
  134 |   double [01;36m[Kget_value[m[K() const
      |          [01;36m[K^~~~~~~~~[m[K
[01m[K/home/ros/ros2_ws/src/ros-controls/ros2_controllers/steering_controllers_library/test/test_steering_controllers_library.cpp:198:60:[m[K [01;35m[Kwarning: [m[Kâ€˜[01m[Kdouble hardware_interface::LoanedCommandInterface::[01;32m[Kget_value[m[K() const[m[Kâ€™ is deprecated: Use std::optional<T> get_optional() instead to retrieve the value. This method will be removed by the ROS 2 Kilted Kaiju release. [[01;35m[K]8;;https://gcc.gnu.org/onlinedocs/gcc/Warning-Options.html#index-Wdeprecated-declarations-Wdeprecated-declarations]8;;[m[K]
  198 |   EXPECT_NEAR([01;35m[Kcontroller_->command_interfaces_[3].get_value()[m[K, 0.575875, 1e-6);
      |               [01;35m[K~~~~~~~~~~~~~~~~~~~~~~~~~~~~~~~~~~~~~~~~~~~~~^~[m[K
[01m[K/opt/ros/jazzy/src/gtest_vendor/include/gtest/gtest_pred_impl.h:79:52:[m[K [01;36m[Knote: [m[Kin definition of macro â€˜[01m[KGTEST_ASSERT_[m[Kâ€™
   79 |   if (const ::testing::AssertionResult gtest_ar = ([01;36m[Kexpression[m[K)) \
      |                                                    [01;36m[K^~~~~~~~~~[m[K
[01m[K/opt/ros/jazzy/src/gtest_vendor/include/gtest/gtest_pred_impl.h:183:3:[m[K [01;36m[Knote: [m[Kin expansion of macro â€˜[01m[KGTEST_PRED_FORMAT3_[m[Kâ€™
  183 |   [01;36m[KGTEST_PRED_FORMAT3_[m[K(pred_format, v1, v2, v3, GTEST_NONFATAL_FAILURE_)
      |   [01;36m[K^~~~~~~~~~~~~~~~~~~[m[K
[01m[K/opt/ros/jazzy/src/gtest_vendor/include/gtest/gtest.h:1986:3:[m[K [01;36m[Knote: [m[Kin expansion of macro â€˜[01m[KEXPECT_PRED_FORMAT3[m[Kâ€™
 1986 |   [01;36m[KEXPECT_PRED_FORMAT3[m[K(::testing::internal::DoubleNearPredFormat, val1, val2, \
      |   [01;36m[K^~~~~~~~~~~~~~~~~~~[m[K
[01m[K/home/ros/ros2_ws/src/ros-controls/ros2_controllers/steering_controllers_library/test/test_steering_controllers_library.cpp:198:3:[m[K [01;36m[Knote: [m[Kin expansion of macro â€˜[01m[KEXPECT_NEAR[m[Kâ€™
  198 |   [01;36m[KEXPECT_NEAR[m[K(controller_->command_interfaces_[3].get_value(), 0.575875, 1e-6);
      |   [01;36m[K^~~~~~~~~~~[m[K
[01m[K/home/ros/ros2_ws/install/hardware_interface/include/hardware_interface/hardware_interface/loaned_command_interface.hpp:134:10:[m[K [01;36m[Knote: [m[Kdeclared here
  134 |   double [01;36m[Kget_value[m[K() const
      |          [01;36m[K^~~~~~~~~[m[K
[ 85%] [32m[1mLinking CXX executable test_steering_controllers_library[0m
[ 85%] Built target test_steering_controllers_library
[ 92%] [32mBuilding CXX object CMakeFiles/test_steering_odometry.dir/test/test_steering_odometry.cpp.o[0m
[100%] [32m[1mLinking CXX executable test_steering_odometry[0m
[100%] Built target test_steering_odometry
-- Install configuration: ""
-- Execute custom install script
-- Symlinking: /home/ros/ros2_ws/install/steering_controllers_library/include/steering_controllers_library/steering_controllers_library_parameters.hpp
-- Symlinking: /home/ros/ros2_ws/install/steering_controllers_library/include/steering_controllers_library/steering_controllers_library/steering_controllers_library.hpp
-- Symlinking: /home/ros/ros2_ws/install/steering_controllers_library/include/steering_controllers_library/steering_controllers_library/steering_odometry.hpp
-- Symlinking: /home/ros/ros2_ws/install/steering_controllers_library/share/steering_controllers_library/environment/library_path.sh
-- Symlinking: /home/ros/ros2_ws/install/steering_controllers_library/share/steering_controllers_library/environment/library_path.dsv
-- Symlinking: /home/ros/ros2_ws/install/steering_controllers_library/share/ament_index/resource_index/package_run_dependencies/steering_controllers_library
-- Symlinking: /home/ros/ros2_ws/install/steering_controllers_library/share/ament_index/resource_index/parent_prefix_path/steering_controllers_library
-- Symlinking: /home/ros/ros2_ws/install/steering_controllers_library/share/steering_controllers_library/environment/ament_prefix_path.sh
-- Symlinking: /home/ros/ros2_ws/install/steering_controllers_library/share/steering_controllers_library/environment/ament_prefix_path.dsv
-- Symlinking: /home/ros/ros2_ws/install/steering_controllers_library/share/steering_controllers_library/environment/path.sh
-- Symlinking: /home/ros/ros2_ws/install/steering_controllers_library/share/steering_controllers_library/environment/path.dsv
-- Symlinking: /home/ros/ros2_ws/install/steering_controllers_library/share/steering_controllers_library/local_setup.bash
-- Symlinking: /home/ros/ros2_ws/install/steering_controllers_library/share/steering_controllers_library/local_setup.sh
-- Symlinking: /home/ros/ros2_ws/install/steering_controllers_library/share/steering_controllers_library/local_setup.zsh
-- Symlinking: /home/ros/ros2_ws/install/steering_controllers_library/share/steering_controllers_library/local_setup.dsv
-- Symlinking: /home/ros/ros2_ws/install/steering_controllers_library/share/steering_controllers_library/package.dsv
-- Symlinking: /home/ros/ros2_ws/install/steering_controllers_library/share/ament_index/resource_index/packages/steering_controllers_library
-- Symlinking: /home/ros/ros2_ws/install/steering_controllers_library/share/steering_controllers_library/cmake/ament_cmake_export_dependencies-extras.cmake
-- Symlinking: /home/ros/ros2_ws/install/steering_controllers_library/share/steering_controllers_library/cmake/ament_cmake_export_targets-extras.cmake
-- Symlinking: /home/ros/ros2_ws/install/steering_controllers_library/share/steering_controllers_library/cmake/steering_controllers_libraryConfig.cmake
-- Symlinking: /home/ros/ros2_ws/install/steering_controllers_library/share/steering_controllers_library/cmake/steering_controllers_libraryConfig-version.cmake
-- Symlinking: /home/ros/ros2_ws/install/steering_controllers_library/share/steering_controllers_library/package.xml
-- Installing: /home/ros/ros2_ws/install/steering_controllers_library/lib/libsteering_controllers_library.so
-- Set non-toolchain portion of runtime path of "/home/ros/ros2_ws/install/steering_controllers_library/lib/libsteering_controllers_library.so" to ""
-- Installing: /home/ros/ros2_ws/install/steering_controllers_library/share/steering_controllers_library/cmake/export_steering_controllers_libraryExport.cmake
-- Installing: /home/ros/ros2_ws/install/steering_controllers_library/share/steering_controllers_library/cmake/export_steering_controllers_libraryExport-noconfig.cmake
