[0.045s] Invoking command in '/home/ros/ros2_ws/build/steering_controllers_library': AMENT_PREFIX_PATH=/home/ros/ros2_ws/install/controller_manager:/home/ros/ros2_ws/install/hardware_interface_testing:/home/ros/ros2_ws/install/controller_interface:/home/ros/ros2_ws/install/hardware_interface:/home/ros/ros2_ws/install/joint_limits:/home/ros/ros2_ws/install/realtime_tools:/home/ros/ros2_ws/install/ros2_control_test_assets:/home/ros/ros2_ws/install/ros2_control_cmake:/home/ros/ros2_ws/install/controller_manager_msgs:/home/ros/ros2_ws/install/control_msgs:${AMENT_PREFIX_PATH} CMAKE_PREFIX_PATH=/home/ros/ros2_ws/install/controller_manager:/home/ros/ros2_ws/install/hardware_interface_testing:/home/ros/ros2_ws/install/controller_interface:/home/ros/ros2_ws/install/hardware_interface:/home/ros/ros2_ws/install/joint_limits:/home/ros/ros2_ws/install/realtime_tools:/home/ros/ros2_ws/install/ros2_control_test_assets:/home/ros/ros2_ws/install/ros2_control_cmake:/home/ros/ros2_ws/install/controller_manager_msgs:/home/ros/ros2_ws/install/control_msgs:/home/ros/ros2_ws/install/gz_ros2_control_tests:/home/ros/ros2_ws/install/gz_ros2_control_demos:/home/ros/ros2_ws/install/gz_ros2_control:/opt/ros/jazzy/opt/gz_sim_vendor:/opt/ros/jazzy/opt/gz_sensors_vendor:/opt/ros/jazzy/opt/gz_physics_vendor:/opt/ros/jazzy/opt/sdformat_vendor:/opt/ros/jazzy/opt/gz_gui_vendor:/opt/ros/jazzy/opt/gz_transport_vendor:/opt/ros/jazzy/opt/gz_rendering_vendor:/opt/ros/jazzy/opt/gz_plugin_vendor:/opt/ros/jazzy/opt/gz_fuel_tools_vendor:/opt/ros/jazzy/opt/gz_msgs_vendor:/opt/ros/jazzy/opt/gz_common_vendor:/opt/ros/jazzy/opt/gz_math_vendor:/opt/ros/jazzy/opt/gz_utils_vendor:/opt/ros/jazzy/opt/gz_tools_vendor:/opt/ros/jazzy/opt/gz_ogre_next_vendor:/opt/ros/jazzy/opt/gz_dartsim_vendor:/opt/ros/jazzy/opt/gz_cmake_vendor:/home/ros/ros2_ws/install/warehouse_sim:/home/ros/ros2_ws/install/color_detection:/opt/ros/jazzy DEBUGINFOD_URLS=https://debuginfod.ubuntu.com LD_LIBRARY_PATH=/home/ros/ros2_ws/install/controller_manager/lib:/home/ros/ros2_ws/install/hardware_interface_testing/lib:/home/ros/ros2_ws/install/controller_interface/lib:/home/ros/ros2_ws/install/hardware_interface/lib:/home/ros/ros2_ws/install/joint_limits/lib:/home/ros/ros2_ws/install/realtime_tools/lib:/home/ros/ros2_ws/install/ros2_control_test_assets/lib:/home/ros/ros2_ws/install/controller_manager_msgs/lib:/home/ros/ros2_ws/install/control_msgs/lib:${LD_LIBRARY_PATH} PYTHONPATH=/home/ros/ros2_ws/install/controller_manager/lib/python3.12/site-packages:/home/ros/ros2_ws/install/controller_manager_msgs/lib/python3.12/site-packages:/home/ros/ros2_ws/install/control_msgs/lib/python3.12/site-packages:${PYTHONPATH} /usr/bin/cmake /home/ros/ros2_ws/src/ros-controls/ros2_controllers/steering_controllers_library -DAMENT_CMAKE_SYMLINK_INSTALL=1 -DCMAKE_INSTALL_PREFIX=/home/ros/ros2_ws/install/steering_controllers_library
[0.160s] -- The C compiler identification is GNU 13.3.0
[0.239s] -- The CXX compiler identification is GNU 13.3.0
[0.317s] -- Detecting C compiler ABI info
[0.914s] -- Detecting C compiler ABI info - done
[0.928s] -- Check for working C compiler: /usr/bin/cc - skipped
[0.928s] -- Detecting C compile features
[0.929s] -- Detecting C compile features - done
[1.623s] -- Detecting CXX compiler ABI info
[2.586s] -- Detecting CXX compiler ABI info - done
[2.597s] -- Check for working CXX compiler: /usr/bin/c++ - skipped
[2.601s] -- Detecting CXX compile features
[2.604s] -- Detecting CXX compile features - done
[2.608s] -- Found ros2_control_cmake: 0.1.1 (/home/ros/ros2_ws/install/ros2_control_cmake/share/ros2_control_cmake/cmake)
[2.609s] -- Compiler warnings enabled for GNU
[2.610s] -- Detected GCC Version: 13.3.0 (Major: 13, Minor: 3)
[2.620s] -- Found ament_cmake: 2.5.3 (/opt/ros/jazzy/share/ament_cmake/cmake)
[3.076s] -- Found Python3: /usr/bin/python3 (found version "3.12.3") found components: Interpreter 
[3.161s] -- Override CMake install command with custom implementation using symlinks instead of copying resources
[3.219s] -- Found control_msgs: 5.4.0 (/home/ros/ros2_ws/install/control_msgs/share/control_msgs/cmake)
[3.278s] -- Found rosidl_generator_c: 4.6.5 (/opt/ros/jazzy/share/rosidl_generator_c/cmake)
[3.279s] -- Found rosidl_generator_cpp: 4.6.5 (/opt/ros/jazzy/share/rosidl_generator_cpp/cmake)
[3.304s] -- Using all available rosidl_typesupport_c: rosidl_typesupport_fastrtps_c;rosidl_typesupport_introspection_c
[3.330s] -- Using all available rosidl_typesupport_cpp: rosidl_typesupport_fastrtps_cpp;rosidl_typesupport_introspection_cpp
[3.545s] -- Found controller_interface: 4.27.0 (/home/ros/ros2_ws/install/controller_interface/share/controller_interface/cmake)
[3.588s] -- Found TinyXML2 via Config file: /usr/lib/x86_64-linux-gnu/cmake/tinyxml2
[3.661s] -- Found rmw_implementation_cmake: 7.3.1 (/opt/ros/jazzy/share/rmw_implementation_cmake/cmake)
[3.668s] -- Found rmw_fastrtps_cpp: 8.4.1 (/opt/ros/jazzy/share/rmw_fastrtps_cpp/cmake)
[3.722s] -- Found TinyXML2 via Config file: /usr/lib/x86_64-linux-gnu/cmake/tinyxml2
[4.154s] -- Found OpenSSL: /usr/lib/x86_64-linux-gnu/libcrypto.so (found version "3.0.13")  
[4.161s] -- Found TinyXML2 via Config file: /usr/lib/x86_64-linux-gnu/cmake/tinyxml2
[4.201s] -- Found FastRTPS: /opt/ros/jazzy/include (Required is at least version "2.13") 
[4.206s] -- Found TinyXML2 via Config file: /usr/lib/x86_64-linux-gnu/cmake/tinyxml2
[4.221s] -- Found TinyXML2 via Config file: /usr/lib/x86_64-linux-gnu/cmake/tinyxml2
[4.241s] -- Using RMW implementation 'rmw_fastrtps_cpp' as default
[4.640s] -- Found generate_parameter_library: 0.4.0 (/opt/ros/jazzy/share/generate_parameter_library/cmake)
[4.648s] -- Found parameter_traits: 0.4.0 (/opt/ros/jazzy/share/parameter_traits/cmake)
[4.686s] -- Found nav_msgs: 5.3.5 (/opt/ros/jazzy/share/nav_msgs/cmake)
[4.763s] -- Found std_srvs: 5.3.5 (/opt/ros/jazzy/share/std_srvs/cmake)
[4.868s] -- Found tf2: 0.36.8 (/opt/ros/jazzy/share/tf2/cmake)
[4.927s] -- Found tf2_msgs: 0.36.8 (/opt/ros/jazzy/share/tf2_msgs/cmake)
[5.059s] -- Found tf2_geometry_msgs: 0.36.8 (/opt/ros/jazzy/share/tf2_geometry_msgs/cmake)
[5.131s] -- Found eigen3_cmake_module: 0.3.0 (/opt/ros/jazzy/share/eigen3_cmake_module/cmake)
[5.140s] -- Found Eigen3: TRUE (found version "3.4.0") 
[5.140s] -- Ensuring Eigen3 include directory is part of orocos-kdl CMake target
[5.276s] -- Found ackermann_msgs: 2.0.2 (/opt/ros/jazzy/share/ackermann_msgs/cmake)
[5.333s] -- Found ament_cmake_gmock: 2.5.3 (/opt/ros/jazzy/share/ament_cmake_gmock/cmake)
[5.335s] -- Found controller_manager: 4.27.0 (/home/ros/ros2_ws/install/controller_manager/share/controller_manager/cmake)
[5.424s] -- Found ros2_control_test_assets: 4.27.0 (/home/ros/ros2_ws/install/ros2_control_test_assets/share/ros2_control_test_assets/cmake)
[5.427s] -- Found gmock sources under '/opt/ros/jazzy/src/gmock_vendor': C++ tests using 'Google Mock' will be built
[5.443s] -- Found ament_cmake_gtest: 2.5.3 (/opt/ros/jazzy/share/ament_cmake_gtest/cmake)
[5.448s] -- Found gtest sources under '/opt/ros/jazzy/src/gtest_vendor': C++ tests using 'Google Test' will be built
[5.448s] -- Found gmock sources under '/opt/ros/jazzy/src/gmock_vendor': C++ tests using 'Google Mock' will be built
[5.449s] -- Found ament_cmake_gtest: 2.5.3 (/opt/ros/jazzy/share/ament_cmake_gtest/cmake)
[5.449s] -- Found gtest sources under '/opt/ros/jazzy/src/gtest_vendor': C++ tests using 'Google Test' will be built
[5.538s] -- Configuring done (5.5s)
[5.633s] -- Generating done (0.1s)
[5.646s] -- Build files have been written to: /home/ros/ros2_ws/build/steering_controllers_library
[5.690s] Invoked command in '/home/ros/ros2_ws/build/steering_controllers_library' returned '0': AMENT_PREFIX_PATH=/home/ros/ros2_ws/install/controller_manager:/home/ros/ros2_ws/install/hardware_interface_testing:/home/ros/ros2_ws/install/controller_interface:/home/ros/ros2_ws/install/hardware_interface:/home/ros/ros2_ws/install/joint_limits:/home/ros/ros2_ws/install/realtime_tools:/home/ros/ros2_ws/install/ros2_control_test_assets:/home/ros/ros2_ws/install/ros2_control_cmake:/home/ros/ros2_ws/install/controller_manager_msgs:/home/ros/ros2_ws/install/control_msgs:${AMENT_PREFIX_PATH} CMAKE_PREFIX_PATH=/home/ros/ros2_ws/install/controller_manager:/home/ros/ros2_ws/install/hardware_interface_testing:/home/ros/ros2_ws/install/controller_interface:/home/ros/ros2_ws/install/hardware_interface:/home/ros/ros2_ws/install/joint_limits:/home/ros/ros2_ws/install/realtime_tools:/home/ros/ros2_ws/install/ros2_control_test_assets:/home/ros/ros2_ws/install/ros2_control_cmake:/home/ros/ros2_ws/install/controller_manager_msgs:/home/ros/ros2_ws/install/control_msgs:/home/ros/ros2_ws/install/gz_ros2_control_tests:/home/ros/ros2_ws/install/gz_ros2_control_demos:/home/ros/ros2_ws/install/gz_ros2_control:/opt/ros/jazzy/opt/gz_sim_vendor:/opt/ros/jazzy/opt/gz_sensors_vendor:/opt/ros/jazzy/opt/gz_physics_vendor:/opt/ros/jazzy/opt/sdformat_vendor:/opt/ros/jazzy/opt/gz_gui_vendor:/opt/ros/jazzy/opt/gz_transport_vendor:/opt/ros/jazzy/opt/gz_rendering_vendor:/opt/ros/jazzy/opt/gz_plugin_vendor:/opt/ros/jazzy/opt/gz_fuel_tools_vendor:/opt/ros/jazzy/opt/gz_msgs_vendor:/opt/ros/jazzy/opt/gz_common_vendor:/opt/ros/jazzy/opt/gz_math_vendor:/opt/ros/jazzy/opt/gz_utils_vendor:/opt/ros/jazzy/opt/gz_tools_vendor:/opt/ros/jazzy/opt/gz_ogre_next_vendor:/opt/ros/jazzy/opt/gz_dartsim_vendor:/opt/ros/jazzy/opt/gz_cmake_vendor:/home/ros/ros2_ws/install/warehouse_sim:/home/ros/ros2_ws/install/color_detection:/opt/ros/jazzy DEBUGINFOD_URLS=https://debuginfod.ubuntu.com LD_LIBRARY_PATH=/home/ros/ros2_ws/install/controller_manager/lib:/home/ros/ros2_ws/install/hardware_interface_testing/lib:/home/ros/ros2_ws/install/controller_interface/lib:/home/ros/ros2_ws/install/hardware_interface/lib:/home/ros/ros2_ws/install/joint_limits/lib:/home/ros/ros2_ws/install/realtime_tools/lib:/home/ros/ros2_ws/install/ros2_control_test_assets/lib:/home/ros/ros2_ws/install/controller_manager_msgs/lib:/home/ros/ros2_ws/install/control_msgs/lib:${LD_LIBRARY_PATH} PYTHONPATH=/home/ros/ros2_ws/install/controller_manager/lib/python3.12/site-packages:/home/ros/ros2_ws/install/controller_manager_msgs/lib/python3.12/site-packages:/home/ros/ros2_ws/install/control_msgs/lib/python3.12/site-packages:${PYTHONPATH} /usr/bin/cmake /home/ros/ros2_ws/src/ros-controls/ros2_controllers/steering_controllers_library -DAMENT_CMAKE_SYMLINK_INSTALL=1 -DCMAKE_INSTALL_PREFIX=/home/ros/ros2_ws/install/steering_controllers_library
[5.690s] Invoking command in '/home/ros/ros2_ws/build/steering_controllers_library': AMENT_PREFIX_PATH=/home/ros/ros2_ws/install/controller_manager:/home/ros/ros2_ws/install/hardware_interface_testing:/home/ros/ros2_ws/install/controller_interface:/home/ros/ros2_ws/install/hardware_interface:/home/ros/ros2_ws/install/joint_limits:/home/ros/ros2_ws/install/realtime_tools:/home/ros/ros2_ws/install/ros2_control_test_assets:/home/ros/ros2_ws/install/ros2_control_cmake:/home/ros/ros2_ws/install/controller_manager_msgs:/home/ros/ros2_ws/install/control_msgs:${AMENT_PREFIX_PATH} CMAKE_PREFIX_PATH=/home/ros/ros2_ws/install/controller_manager:/home/ros/ros2_ws/install/hardware_interface_testing:/home/ros/ros2_ws/install/controller_interface:/home/ros/ros2_ws/install/hardware_interface:/home/ros/ros2_ws/install/joint_limits:/home/ros/ros2_ws/install/realtime_tools:/home/ros/ros2_ws/install/ros2_control_test_assets:/home/ros/ros2_ws/install/ros2_control_cmake:/home/ros/ros2_ws/install/controller_manager_msgs:/home/ros/ros2_ws/install/control_msgs:/home/ros/ros2_ws/install/gz_ros2_control_tests:/home/ros/ros2_ws/install/gz_ros2_control_demos:/home/ros/ros2_ws/install/gz_ros2_control:/opt/ros/jazzy/opt/gz_sim_vendor:/opt/ros/jazzy/opt/gz_sensors_vendor:/opt/ros/jazzy/opt/gz_physics_vendor:/opt/ros/jazzy/opt/sdformat_vendor:/opt/ros/jazzy/opt/gz_gui_vendor:/opt/ros/jazzy/opt/gz_transport_vendor:/opt/ros/jazzy/opt/gz_rendering_vendor:/opt/ros/jazzy/opt/gz_plugin_vendor:/opt/ros/jazzy/opt/gz_fuel_tools_vendor:/opt/ros/jazzy/opt/gz_msgs_vendor:/opt/ros/jazzy/opt/gz_common_vendor:/opt/ros/jazzy/opt/gz_math_vendor:/opt/ros/jazzy/opt/gz_utils_vendor:/opt/ros/jazzy/opt/gz_tools_vendor:/opt/ros/jazzy/opt/gz_ogre_next_vendor:/opt/ros/jazzy/opt/gz_dartsim_vendor:/opt/ros/jazzy/opt/gz_cmake_vendor:/home/ros/ros2_ws/install/warehouse_sim:/home/ros/ros2_ws/install/color_detection:/opt/ros/jazzy DEBUGINFOD_URLS=https://debuginfod.ubuntu.com LD_LIBRARY_PATH=/home/ros/ros2_ws/install/controller_manager/lib:/home/ros/ros2_ws/install/hardware_interface_testing/lib:/home/ros/ros2_ws/install/controller_interface/lib:/home/ros/ros2_ws/install/hardware_interface/lib:/home/ros/ros2_ws/install/joint_limits/lib:/home/ros/ros2_ws/install/realtime_tools/lib:/home/ros/ros2_ws/install/ros2_control_test_assets/lib:/home/ros/ros2_ws/install/controller_manager_msgs/lib:/home/ros/ros2_ws/install/control_msgs/lib:${LD_LIBRARY_PATH} PYTHONPATH=/home/ros/ros2_ws/install/controller_manager/lib/python3.12/site-packages:/home/ros/ros2_ws/install/controller_manager_msgs/lib/python3.12/site-packages:/home/ros/ros2_ws/install/control_msgs/lib/python3.12/site-packages:${PYTHONPATH} /usr/bin/cmake --build /home/ros/ros2_ws/build/steering_controllers_library -- -j2 -l2
[5.795s] [  7%] [34m[1mRunning `/opt/ros/jazzy/bin/generate_parameter_library_cpp /home/ros/ros2_ws/build/steering_controllers_library/include/steering_controllers_library/steering_controllers_library_parameters.hpp /home/ros/ros2_ws/src/ros-controls/ros2_controllers/steering_controllers_library/src/steering_controllers_library.yaml `[0m
[6.574s] [ 14%] [34m[1mCreating deprecated header file /home/ros/ros2_ws/build/steering_controllers_library/include/steering_controllers_library_parameters.hpp[0m
[6.713s] [ 14%] Built target steering_controllers_library_parameters
[6.802s] [ 21%] [32mBuilding CXX object gmock/CMakeFiles/gmock.dir/opt/ros/jazzy/src/gtest_vendor/src/gtest-all.cc.o[0m
[13.583s] [ 28%] [32mBuilding CXX object gmock/CMakeFiles/gmock.dir/src/gmock-all.cc.o[0m
[15.357s] [ 35%] [32m[1mLinking CXX static library libgmock.a[0m
[15.546s] [ 35%] Built target gmock
[15.621s] [ 42%] [32mBuilding CXX object gmock/CMakeFiles/gmock_main.dir/src/gmock_main.cc.o[0m
[17.290s] [ 50%] [32m[1mLinking CXX static library libgmock_main.a[0m
[17.369s] [ 50%] Built target gmock_main
[17.418s] [ 57%] [32mBuilding CXX object CMakeFiles/steering_controllers_library.dir/src/steering_controllers_library.cpp.o[0m
[20.949s] [01m[K/home/ros/ros2_ws/src/ros-controls/ros2_controllers/steering_controllers_library/src/steering_controllers_library.cpp:[m[K In member function â€˜[01m[Kvirtual controller_interface::CallbackReturn steering_controllers_library::SteeringControllersLibrary::[01;32m[Kon_deactivate[m[K(const rclcpp_lifecycle::State&)[m[Kâ€™:
[20.949s] [01m[K/home/ros/ros2_ws/src/ros-controls/ros2_controllers/steering_controllers_library/src/steering_controllers_library.cpp:352:37:[m[K [01;35m[Kwarning: [m[Kignoring return value of â€˜[01m[Kbool hardware_interface::LoanedCommandInterface::[01;32m[Kset_value[m[K(const T&, unsigned int) [35m[K[with T = double][m[K[m[Kâ€™, declared with attribute â€˜[01m[Knodiscard[m[Kâ€™ [[01;35m[K]8;;https://gcc.gnu.org/onlinedocs/gcc/Warning-Options.html#index-Wunused-result-Wunused-result]8;;[m[K]
[20.949s]   352 |     [01;35m[Kcommand_interfaces_[i].set_value(std::numeric_limits<double>::quiet_NaN())[m[K;
[20.949s]       |     [01;35m[K~~~~~~~~~~~~~~~~~~~~~~~~~~~~~~~~^~~~~~~~~~~~~~~~~~~~~~~~~~~~~~~~~~~~~~~~~~[m[K
[20.949s] In file included from [01m[K/home/ros/ros2_ws/install/controller_interface/include/controller_interface/controller_interface/controller_interface_base.hpp:27[m[K,
[20.954s]                  from [01m[K/home/ros/ros2_ws/install/controller_interface/include/controller_interface/controller_interface/chainable_controller_interface.hpp:23[m[K,
[20.954s]                  from [01m[K/home/ros/ros2_ws/src/ros-controls/ros2_controllers/steering_controllers_library/include/steering_controllers_library/steering_controllers_library.hpp:23[m[K,
[20.954s]                  from [01m[K/home/ros/ros2_ws/src/ros-controls/ros2_controllers/steering_controllers_library/src/steering_controllers_library.cpp:15[m[K:
[20.954s] [01m[K/home/ros/ros2_ws/install/hardware_interface/include/hardware_interface/hardware_interface/loaned_command_interface.hpp:113:22:[m[K [01;36m[Knote: [m[Kdeclared here
[20.954s]   113 |   [[nodiscard]] bool [01;36m[Kset_value[m[K(const T & value, unsigned int max_tries = 10)
[20.954s]       |                      [01;36m[K^~~~~~~~~[m[K
[20.955s] [01m[K/home/ros/ros2_ws/src/ros-controls/ros2_controllers/steering_controllers_library/src/steering_controllers_library.cpp:[m[K In member function â€˜[01m[Kvirtual controller_interface::return_type steering_controllers_library::SteeringControllersLibrary::[01;32m[Kupdate_and_write_commands[m[K(const rclcpp::Time&, const rclcpp::Duration&)[m[Kâ€™:
[20.955s] [01m[K/home/ros/ros2_ws/src/ros-controls/ros2_controllers/steering_controllers_library/src/steering_controllers_library.cpp:399:41:[m[K [01;35m[Kwarning: [m[Kignoring return value of â€˜[01m[Kbool hardware_interface::LoanedCommandInterface::[01;32m[Kset_value[m[K(const T&, unsigned int) [35m[K[with T = double][m[K[m[Kâ€™, declared with attribute â€˜[01m[Knodiscard[m[Kâ€™ [[01;35m[K]8;;https://gcc.gnu.org/onlinedocs/gcc/Warning-Options.html#index-Wunused-result-Wunused-result]8;;[m[K]
[20.955s]   399 |         [01;35m[Kcommand_interfaces_[i].set_value(timeout ? 0.0 : traction_commands[i])[m[K;
[20.955s]       |         [01;35m[K~~~~~~~~~~~~~~~~~~~~~~~~~~~~~~~~^~~~~~~~~~~~~~~~~~~~~~~~~~~~~~~~~~~~~~[m[K
[20.955s] [01m[K/home/ros/ros2_ws/install/hardware_interface/include/hardware_interface/hardware_interface/loaned_command_interface.hpp:113:22:[m[K [01;36m[Knote: [m[Kdeclared here
[20.955s]   113 |   [[nodiscard]] bool [01;36m[Kset_value[m[K(const T & value, unsigned int max_tries = 10)
[20.955s]       |                      [01;36m[K^~~~~~~~~[m[K
[20.955s] [01m[K/home/ros/ros2_ws/src/ros-controls/ros2_controllers/steering_controllers_library/src/steering_controllers_library.cpp:403:76:[m[K [01;35m[Kwarning: [m[Kignoring return value of â€˜[01m[Kbool hardware_interface::LoanedCommandInterface::[01;32m[Kset_value[m[K(const T&, unsigned int) [35m[K[with T = double][m[K[m[Kâ€™, declared with attribute â€˜[01m[Knodiscard[m[Kâ€™ [[01;35m[K]8;;https://gcc.gnu.org/onlinedocs/gcc/Warning-Options.html#index-Wunused-result-Wunused-result]8;;[m[K]
[20.955s]   403 | [01;35m[K_interfaces_[i + params_.rear_wheels_names.size()].set_value(steering_commands[i])[m[K;
[20.956s]       | [01;35m[K~~~~~~~~~~~~~~~~~~~~~~~~~~~~~~~~~~~~~~~~~~~~~~~~~~~~~~~~~~~~^~~~~~~~~~~~~~~~~~~~~~[m[K
[20.956s] 
[20.956s] [01m[K/home/ros/ros2_ws/install/hardware_interface/include/hardware_interface/hardware_interface/loaned_command_interface.hpp:113:22:[m[K [01;36m[Knote: [m[Kdeclared here
[20.956s]   113 |   [[nodiscard]] bool [01;36m[Kset_value[m[K(const T & value, unsigned int max_tries = 10)
[20.956s]       |                      [01;36m[K^~~~~~~~~[m[K
[20.956s] [01m[K/home/ros/ros2_ws/src/ros-controls/ros2_controllers/steering_controllers_library/src/steering_controllers_library.cpp:411:43:[m[K [01;35m[Kwarning: [m[Kignoring return value of â€˜[01m[Kbool hardware_interface::LoanedCommandInterface::[01;32m[Kset_value[m[K(const T&, unsigned int) [35m[K[with T = double][m[K[m[Kâ€™, declared with attribute â€˜[01m[Knodiscard[m[Kâ€™ [[01;35m[K]8;;https://gcc.gnu.org/onlinedocs/gcc/Warning-Options.html#index-Wunused-result-Wunused-result]8;;[m[K]
[20.956s]   411 |           [01;35m[Kcommand_interfaces_[i].set_value(timeout ? 0.0 : traction_commands[i])[m[K;
[20.957s]       |           [01;35m[K~~~~~~~~~~~~~~~~~~~~~~~~~~~~~~~~^~~~~~~~~~~~~~~~~~~~~~~~~~~~~~~~~~~~~~[m[K
[20.957s] [01m[K/home/ros/ros2_ws/install/hardware_interface/include/hardware_interface/hardware_interface/loaned_command_interface.hpp:113:22:[m[K [01;36m[Knote: [m[Kdeclared here
[20.957s]   113 |   [[nodiscard]] bool [01;36m[Kset_value[m[K(const T & value, unsigned int max_tries = 10)
[20.957s]       |                      [01;36m[K^~~~~~~~~[m[K
[20.957s] [01m[K/home/ros/ros2_ws/src/ros-controls/ros2_controllers/steering_controllers_library/src/steering_controllers_library.cpp:415:79:[m[K [01;35m[Kwarning: [m[Kignoring return value of â€˜[01m[Kbool hardware_interface::LoanedCommandInterface::[01;32m[Kset_value[m[K(const T&, unsigned int) [35m[K[with T = double][m[K[m[Kâ€™, declared with attribute â€˜[01m[Knodiscard[m[Kâ€™ [[01;35m[K]8;;https://gcc.gnu.org/onlinedocs/gcc/Warning-Options.html#index-Wunused-result-Wunused-result]8;;[m[K]
[20.957s]   415 |   [01;35m[Kcommand_interfaces_[i + params_.front_wheels_names.size()].set_value([m[K
[20.957s]       |   [01;35m[K~~~~~~~~~~~~~~~~~~~~~~~~~~~~~~~~~~~~~~~~~~~~~~~~~~~~~~~~~~~~~~~~~~~~^[m[K
[20.957s] 
[20.957s]   416 | [01;35m[K    steering_commands[i])[m[K;
[20.957s]       |     [01;35m[K~~~~~~~~~~~~~~~~~~~~~[m[K                                              
[20.957s] 
[20.958s] [01m[K/home/ros/ros2_ws/install/hardware_interface/include/hardware_interface/hardware_interface/loaned_command_interface.hpp:113:22:[m[K [01;36m[Knote: [m[Kdeclared here
[20.958s]   113 |   [[nodiscard]] bool [01;36m[Kset_value[m[K(const T & value, unsigned int max_tries = 10)
[20.958s]       |                      [01;36m[K^~~~~~~~~[m[K
[20.958s] [01m[K/home/ros/ros2_ws/src/ros-controls/ros2_controllers/steering_controllers_library/src/steering_controllers_library.cpp:475:41:[m[K [01;35m[Kwarning: [m[Kâ€˜[01m[Kdouble hardware_interface::LoanedStateInterface::[01;32m[Kget_value[m[K() const[m[Kâ€™ is deprecated: Use std::optional<T> get_optional() instead to retrieve the value. This method will be removed by the ROS 2 Kilted Kaiju release. [[01;35m[K]8;;https://gcc.gnu.org/onlinedocs/gcc/Warning-Options.html#index-Wdeprecated-declarations-Wdeprecated-declarations]8;;[m[K]
[20.958s]   475 |           [01;35m[Kstate_interfaces_[i].get_value()[m[K);
[20.958s]       |           [01;35m[K~~~~~~~~~~~~~~~~~~~~~~~~~~~~~~^~[m[K
[20.958s] In file included from [01m[K/home/ros/ros2_ws/install/controller_interface/include/controller_interface/controller_interface/controller_interface_base.hpp:28[m[K:
[20.959s] [01m[K/home/ros/ros2_ws/install/hardware_interface/include/hardware_interface/hardware_interface/loaned_state_interface.hpp:94:10:[m[K [01;36m[Knote: [m[Kdeclared here
[20.959s]    94 |   double [01;36m[Kget_value[m[K() const
[20.959s]       |          [01;36m[K^~~~~~~~~[m[K
[20.959s] [01m[K/home/ros/ros2_ws/src/ros-controls/ros2_controllers/steering_controllers_library/src/steering_controllers_library.cpp:480:41:[m[K [01;35m[Kwarning: [m[Kâ€˜[01m[Kdouble hardware_interface::LoanedStateInterface::[01;32m[Kget_value[m[K() const[m[Kâ€™ is deprecated: Use std::optional<T> get_optional() instead to retrieve the value. This method will be removed by the ROS 2 Kilted Kaiju release. [[01;35m[K]8;;https://gcc.gnu.org/onlinedocs/gcc/Warning-Options.html#index-Wdeprecated-declarations-Wdeprecated-declarations]8;;[m[K]
[20.959s]   480 |           [01;35m[Kstate_interfaces_[i].get_value()[m[K);
[20.959s]       |           [01;35m[K~~~~~~~~~~~~~~~~~~~~~~~~~~~~~~^~[m[K
[20.959s] [01m[K/home/ros/ros2_ws/install/hardware_interface/include/hardware_interface/hardware_interface/loaned_state_interface.hpp:94:10:[m[K [01;36m[Knote: [m[Kdeclared here
[20.959s]    94 |   double [01;36m[Kget_value[m[K() const
[20.959s]       |          [01;36m[K^~~~~~~~~[m[K
[20.959s] [01m[K/home/ros/ros2_ws/src/ros-controls/ros2_controllers/steering_controllers_library/src/steering_controllers_library.cpp:483:41:[m[K [01;35m[Kwarning: [m[Kâ€˜[01m[Kdouble hardware_interface::LoanedCommandInterface::[01;32m[Kget_value[m[K() const[m[Kâ€™ is deprecated: Use std::optional<T> get_optional() instead to retrieve the value. This method will be removed by the ROS 2 Kilted Kaiju release. [[01;35m[K]8;;https://gcc.gnu.org/onlinedocs/gcc/Warning-Options.html#index-Wdeprecated-declarations-Wdeprecated-declarations]8;;[m[K]
[20.959s]   483 |         [01;35m[Kcommand_interfaces_[i].get_value()[m[K);
[20.959s]       |         [01;35m[K~~~~~~~~~~~~~~~~~~~~~~~~~~~~~~~~^~[m[K
[20.959s] [01m[K/home/ros/ros2_ws/install/hardware_interface/include/hardware_interface/hardware_interface/loaned_command_interface.hpp:134:10:[m[K [01;36m[Knote: [m[Kdeclared here
[20.960s]   134 |   double [01;36m[Kget_value[m[K() const
[20.960s]       |          [01;36m[K^~~~~~~~~[m[K
[20.960s] [01m[K/home/ros/ros2_ws/src/ros-controls/ros2_controllers/steering_controllers_library/src/steering_controllers_library.cpp:489:67:[m[K [01;35m[Kwarning: [m[Kâ€˜[01m[Kdouble hardware_interface::LoanedStateInterface::[01;32m[Kget_value[m[K() const[m[Kâ€™ is deprecated: Use std::optional<T> get_optional() instead to retrieve the value. This method will be removed by the ROS 2 Kilted Kaiju release. [[01;35m[K]8;;https://gcc.gnu.org/onlinedocs/gcc/Warning-Options.html#index-Wdeprecated-declarations-Wdeprecated-declarations]8;;[m[K]
[20.960s]   489 |         [01;35m[Kstate_interfaces_[number_of_traction_wheels + i].get_value()[m[K);
[20.960s]       |         [01;35m[K~~~~~~~~~~~~~~~~~~~~~~~~~~~~~~~~~~~~~~~~~~~~~~~~~~~~~~~~~~^~[m[K
[20.960s] [01m[K/home/ros/ros2_ws/install/hardware_interface/include/hardware_interface/hardware_interface/loaned_state_interface.hpp:94:10:[m[K [01;36m[Knote: [m[Kdeclared here
[20.960s]    94 |   double [01;36m[Kget_value[m[K() const
[20.960s]       |          [01;36m[K^~~~~~~~~[m[K
[20.960s] [01m[K/home/ros/ros2_ws/src/ros-controls/ros2_controllers/steering_controllers_library/src/steering_controllers_library.cpp:491:69:[m[K [01;35m[Kwarning: [m[Kâ€˜[01m[Kdouble hardware_interface::LoanedCommandInterface::[01;32m[Kget_value[m[K() const[m[Kâ€™ is deprecated: Use std::optional<T> get_optional() instead to retrieve the value. This method will be removed by the ROS 2 Kilted Kaiju release. [[01;35m[K]8;;https://gcc.gnu.org/onlinedocs/gcc/Warning-Options.html#index-Wdeprecated-declarations-Wdeprecated-declarations]8;;[m[K]
[20.960s]   491 |        [01;35m[Kcommand_interfaces_[number_of_traction_wheels + i].get_value()[m[K);
[20.960s]       |        [01;35m[K~~~~~~~~~~~~~~~~~~~~~~~~~~~~~~~~~~~~~~~~~~~~~~~~~~~~~~~~~~~~^~[m[K
[20.960s] 
[20.960s] [01m[K/home/ros/ros2_ws/install/hardware_interface/include/hardware_interface/hardware_interface/loaned_command_interface.hpp:134:10:[m[K [01;36m[Knote: [m[Kdeclared here
[20.961s]   134 |   double [01;36m[Kget_value[m[K() const
[20.974s]       |          [01;36m[K^~~~~~~~~[m[K
[32.560s] [ 64%] [32mBuilding CXX object CMakeFiles/steering_controllers_library.dir/src/steering_odometry.cpp.o[0m
[33.625s] [ 71%] [32m[1mLinking CXX shared library libsteering_controllers_library.so[0m
[36.401s] [ 71%] Built target steering_controllers_library
[36.444s] [ 78%] [32mBuilding CXX object CMakeFiles/test_steering_controllers_library.dir/test/test_steering_controllers_library.cpp.o[0m
[40.584s] In file included from [01m[K/opt/ros/jazzy/src/gtest_vendor/include/gtest/gtest.h:72[m[K,
[40.586s]                  from [01m[K/opt/ros/jazzy/src/gmock_vendor/include/gmock/internal/gmock-internal-utils.h:50[m[K,
[40.586s]                  from [01m[K/opt/ros/jazzy/src/gmock_vendor/include/gmock/gmock-actions.h:145[m[K,
[40.586s]                  from [01m[K/opt/ros/jazzy/src/gmock_vendor/include/gmock/gmock.h:56[m[K,
[40.586s]                  from [01m[K/home/ros/ros2_ws/src/ros-controls/ros2_controllers/steering_controllers_library/test/test_steering_controllers_library.hpp:18[m[K,
[40.586s]                  from [01m[K/home/ros/ros2_ws/src/ros-controls/ros2_controllers/steering_controllers_library/test/test_steering_controllers_library.cpp:21[m[K:
[40.586s] [01m[K/home/ros/ros2_ws/src/ros-controls/ros2_controllers/steering_controllers_library/test/test_steering_controllers_library.cpp:[m[K In member function â€˜[01m[Kvirtual void SteeringControllersLibraryTest_test_both_update_methods_for_ref_timeout_Test::[01;32m[KTestBody[m[K()[m[Kâ€™:
[40.586s] [01m[K/home/ros/ros2_ws/src/ros-controls/ros2_controllers/steering_controllers_library/test/test_steering_controllers_library.cpp:149:58:[m[K [01;35m[Kwarning: [m[Kâ€˜[01m[Kdouble hardware_interface::LoanedCommandInterface::[01;32m[Kget_value[m[K() const[m[Kâ€™ is deprecated: Use std::optional<T> get_optional() instead to retrieve the value. This method will be removed by the ROS 2 Kilted Kaiju release. [[01;35m[K]8;;https://gcc.gnu.org/onlinedocs/gcc/Warning-Options.html#index-Wdeprecated-declarations-Wdeprecated-declarations]8;;[m[K]
[40.586s]   149 |   EXPECT_EQ([01;35m[Kcontroller_->command_interfaces_[0].get_value()[m[K, 0);
[40.587s]       |             [01;35m[K~~~~~~~~~~~~~~~~~~~~~~~~~~~~~~~~~~~~~~~~~~~~~^~[m[K
[40.587s] [01m[K/opt/ros/jazzy/src/gtest_vendor/include/gtest/gtest_pred_impl.h:79:52:[m[K [01;36m[Knote: [m[Kin definition of macro â€˜[01m[KGTEST_ASSERT_[m[Kâ€™
[40.587s]    79 |   if (const ::testing::AssertionResult gtest_ar = ([01;36m[Kexpression[m[K)) \
[40.587s]       |                                                    [01;36m[K^~~~~~~~~~[m[K
[40.587s] [01m[K/opt/ros/jazzy/src/gtest_vendor/include/gtest/gtest_pred_impl.h:144:3:[m[K [01;36m[Knote: [m[Kin expansion of macro â€˜[01m[KGTEST_PRED_FORMAT2_[m[Kâ€™
[40.587s]   144 |   [01;36m[KGTEST_PRED_FORMAT2_[m[K(pred_format, v1, v2, GTEST_NONFATAL_FAILURE_)
[40.587s]       |   [01;36m[K^~~~~~~~~~~~~~~~~~~[m[K
[40.587s] [01m[K/opt/ros/jazzy/src/gtest_vendor/include/gtest/gtest.h:1869:3:[m[K [01;36m[Knote: [m[Kin expansion of macro â€˜[01m[KEXPECT_PRED_FORMAT2[m[Kâ€™
[40.587s]  1869 |   [01;36m[KEXPECT_PRED_FORMAT2[m[K(::testing::internal::EqHelper::Compare, val1, val2)
[40.587s]       |   [01;36m[K^~~~~~~~~~~~~~~~~~~[m[K
[40.587s] [01m[K/home/ros/ros2_ws/src/ros-controls/ros2_controllers/steering_controllers_library/test/test_steering_controllers_library.cpp:149:3:[m[K [01;36m[Knote: [m[Kin expansion of macro â€˜[01m[KEXPECT_EQ[m[Kâ€™
[40.587s]   149 |   [01;36m[KEXPECT_EQ[m[K(controller_->command_interfaces_[0].get_value(), 0);
[40.587s]       |   [01;36m[K^~~~~~~~~[m[K
[40.587s] In file included from [01m[K/home/ros/ros2_ws/src/ros-controls/ros2_controllers/steering_controllers_library/test/test_steering_controllers_library.hpp:26[m[K:
[40.587s] [01m[K/home/ros/ros2_ws/install/hardware_interface/include/hardware_interface/hardware_interface/loaned_command_interface.hpp:134:10:[m[K [01;36m[Knote: [m[Kdeclared here
[40.587s]   134 |   double [01;36m[Kget_value[m[K() const
[40.587s]       |          [01;36m[K^~~~~~~~~[m[K
[40.587s] [01m[K/home/ros/ros2_ws/src/ros-controls/ros2_controllers/steering_controllers_library/test/test_steering_controllers_library.cpp:150:58:[m[K [01;35m[Kwarning: [m[Kâ€˜[01m[Kdouble hardware_interface::LoanedCommandInterface::[01;32m[Kget_value[m[K() const[m[Kâ€™ is deprecated: Use std::optional<T> get_optional() instead to retrieve the value. This method will be removed by the ROS 2 Kilted Kaiju release. [[01;35m[K]8;;https://gcc.gnu.org/onlinedocs/gcc/Warning-Options.html#index-Wdeprecated-declarations-Wdeprecated-declarations]8;;[m[K]
[40.587s]   150 |   EXPECT_EQ([01;35m[Kcontroller_->command_interfaces_[1].get_value()[m[K, 0);
[40.587s]       |             [01;35m[K~~~~~~~~~~~~~~~~~~~~~~~~~~~~~~~~~~~~~~~~~~~~~^~[m[K
[40.587s] [01m[K/opt/ros/jazzy/src/gtest_vendor/include/gtest/gtest_pred_impl.h:79:52:[m[K [01;36m[Knote: [m[Kin definition of macro â€˜[01m[KGTEST_ASSERT_[m[Kâ€™
[40.587s]    79 |   if (const ::testing::AssertionResult gtest_ar = ([01;36m[Kexpression[m[K)) \
[40.587s]       |                                                    [01;36m[K^~~~~~~~~~[m[K
[40.587s] [01m[K/opt/ros/jazzy/src/gtest_vendor/include/gtest/gtest_pred_impl.h:144:3:[m[K [01;36m[Knote: [m[Kin expansion of macro â€˜[01m[KGTEST_PRED_FORMAT2_[m[Kâ€™
[40.587s]   144 |   [01;36m[KGTEST_PRED_FORMAT2_[m[K(pred_format, v1, v2, GTEST_NONFATAL_FAILURE_)
[40.587s]       |   [01;36m[K^~~~~~~~~~~~~~~~~~~[m[K
[40.587s] [01m[K/opt/ros/jazzy/src/gtest_vendor/include/gtest/gtest.h:1869:3:[m[K [01;36m[Knote: [m[Kin expansion of macro â€˜[01m[KEXPECT_PRED_FORMAT2[m[Kâ€™
[40.587s]  1869 |   [01;36m[KEXPECT_PRED_FORMAT2[m[K(::testing::internal::EqHelper::Compare, val1, val2)
[40.587s]       |   [01;36m[K^~~~~~~~~~~~~~~~~~~[m[K
[40.587s] [01m[K/home/ros/ros2_ws/src/ros-controls/ros2_controllers/steering_controllers_library/test/test_steering_controllers_library.cpp:150:3:[m[K [01;36m[Knote: [m[Kin expansion of macro â€˜[01m[KEXPECT_EQ[m[Kâ€™
[40.587s]   150 |   [01;36m[KEXPECT_EQ[m[K(controller_->command_interfaces_[1].get_value(), 0);
[40.587s]       |   [01;36m[K^~~~~~~~~[m[K
[40.587s] [01m[K/home/ros/ros2_ws/install/hardware_interface/include/hardware_interface/hardware_interface/loaned_command_interface.hpp:134:10:[m[K [01;36m[Knote: [m[Kdeclared here
[40.588s]   134 |   double [01;36m[Kget_value[m[K() const
[40.588s]       |          [01;36m[K^~~~~~~~~[m[K
[40.588s] [01m[K/home/ros/ros2_ws/src/ros-controls/ros2_controllers/steering_controllers_library/test/test_steering_controllers_library.cpp:153:60:[m[K [01;35m[Kwarning: [m[Kâ€˜[01m[Kdouble hardware_interface::LoanedCommandInterface::[01;32m[Kget_value[m[K() const[m[Kâ€™ is deprecated: Use std::optional<T> get_optional() instead to retrieve the value. This method will be removed by the ROS 2 Kilted Kaiju release. [[01;35m[K]8;;https://gcc.gnu.org/onlinedocs/gcc/Warning-Options.html#index-Wdeprecated-declarations-Wdeprecated-declarations]8;;[m[K]
[40.588s]   153 |   EXPECT_NEAR([01;35m[Kcontroller_->command_interfaces_[2].get_value()[m[K, 0.575875, 1e-6);
[40.588s]       |               [01;35m[K~~~~~~~~~~~~~~~~~~~~~~~~~~~~~~~~~~~~~~~~~~~~~^~[m[K
[40.588s] [01m[K/opt/ros/jazzy/src/gtest_vendor/include/gtest/gtest_pred_impl.h:79:52:[m[K [01;36m[Knote: [m[Kin definition of macro â€˜[01m[KGTEST_ASSERT_[m[Kâ€™
[40.588s]    79 |   if (const ::testing::AssertionResult gtest_ar = ([01;36m[Kexpression[m[K)) \
[40.588s]       |                                                    [01;36m[K^~~~~~~~~~[m[K
[40.588s] [01m[K/opt/ros/jazzy/src/gtest_vendor/include/gtest/gtest_pred_impl.h:183:3:[m[K [01;36m[Knote: [m[Kin expansion of macro â€˜[01m[KGTEST_PRED_FORMAT3_[m[Kâ€™
[40.588s]   183 |   [01;36m[KGTEST_PRED_FORMAT3_[m[K(pred_format, v1, v2, v3, GTEST_NONFATAL_FAILURE_)
[40.588s]       |   [01;36m[K^~~~~~~~~~~~~~~~~~~[m[K
[40.588s] [01m[K/opt/ros/jazzy/src/gtest_vendor/include/gtest/gtest.h:1986:3:[m[K [01;36m[Knote: [m[Kin expansion of macro â€˜[01m[KEXPECT_PRED_FORMAT3[m[Kâ€™
[40.588s]  1986 |   [01;36m[KEXPECT_PRED_FORMAT3[m[K(::testing::internal::DoubleNearPredFormat, val1, val2, \
[40.588s]       |   [01;36m[K^~~~~~~~~~~~~~~~~~~[m[K
[40.588s] [01m[K/home/ros/ros2_ws/src/ros-controls/ros2_controllers/steering_controllers_library/test/test_steering_controllers_library.cpp:153:3:[m[K [01;36m[Knote: [m[Kin expansion of macro â€˜[01m[KEXPECT_NEAR[m[Kâ€™
[40.588s]   153 |   [01;36m[KEXPECT_NEAR[m[K(controller_->command_interfaces_[2].get_value(), 0.575875, 1e-6);
[40.588s]       |   [01;36m[K^~~~~~~~~~~[m[K
[40.588s] [01m[K/home/ros/ros2_ws/install/hardware_interface/include/hardware_interface/hardware_interface/loaned_command_interface.hpp:134:10:[m[K [01;36m[Knote: [m[Kdeclared here
[40.588s]   134 |   double [01;36m[Kget_value[m[K() const
[40.588s]       |          [01;36m[K^~~~~~~~~[m[K
[40.588s] [01m[K/home/ros/ros2_ws/src/ros-controls/ros2_controllers/steering_controllers_library/test/test_steering_controllers_library.cpp:154:60:[m[K [01;35m[Kwarning: [m[Kâ€˜[01m[Kdouble hardware_interface::LoanedCommandInterface::[01;32m[Kget_value[m[K() const[m[Kâ€™ is deprecated: Use std::optional<T> get_optional() instead to retrieve the value. This method will be removed by the ROS 2 Kilted Kaiju release. [[01;35m[K]8;;https://gcc.gnu.org/onlinedocs/gcc/Warning-Options.html#index-Wdeprecated-declarations-Wdeprecated-declarations]8;;[m[K]
[40.588s]   154 |   EXPECT_NEAR([01;35m[Kcontroller_->command_interfaces_[3].get_value()[m[K, 0.575875, 1e-6);
[40.588s]       |               [01;35m[K~~~~~~~~~~~~~~~~~~~~~~~~~~~~~~~~~~~~~~~~~~~~~^~[m[K
[40.588s] [01m[K/opt/ros/jazzy/src/gtest_vendor/include/gtest/gtest_pred_impl.h:79:52:[m[K [01;36m[Knote: [m[Kin definition of macro â€˜[01m[KGTEST_ASSERT_[m[Kâ€™
[40.588s]    79 |   if (const ::testing::AssertionResult gtest_ar = ([01;36m[Kexpression[m[K)) \
[40.588s]       |                                                    [01;36m[K^~~~~~~~~~[m[K
[40.588s] [01m[K/opt/ros/jazzy/src/gtest_vendor/include/gtest/gtest_pred_impl.h:183:3:[m[K [01;36m[Knote: [m[Kin expansion of macro â€˜[01m[KGTEST_PRED_FORMAT3_[m[Kâ€™
[40.588s]   183 |   [01;36m[KGTEST_PRED_FORMAT3_[m[K(pred_format, v1, v2, v3, GTEST_NONFATAL_FAILURE_)
[40.588s]       |   [01;36m[K^~~~~~~~~~~~~~~~~~~[m[K
[40.588s] [01m[K/opt/ros/jazzy/src/gtest_vendor/include/gtest/gtest.h:1986:3:[m[K [01;36m[Knote: [m[Kin expansion of macro â€˜[01m[KEXPECT_PRED_FORMAT3[m[Kâ€™
[40.588s]  1986 |   [01;36m[KEXPECT_PRED_FORMAT3[m[K(::testing::internal::DoubleNearPredFormat, val1, val2, \
[40.588s]       |   [01;36m[K^~~~~~~~~~~~~~~~~~~[m[K
[40.588s] [01m[K/home/ros/ros2_ws/src/ros-controls/ros2_controllers/steering_controllers_library/test/test_steering_controllers_library.cpp:154:3:[m[K [01;36m[Knote: [m[Kin expansion of macro â€˜[01m[KEXPECT_NEAR[m[Kâ€™
[40.588s]   154 |   [01;36m[KEXPECT_NEAR[m[K(controller_->command_interfaces_[3].get_value(), 0.575875, 1e-6);
[40.588s]       |   [01;36m[K^~~~~~~~~~~[m[K
[40.588s] [01m[K/home/ros/ros2_ws/install/hardware_interface/include/hardware_interface/hardware_interface/loaned_command_interface.hpp:134:10:[m[K [01;36m[Knote: [m[Kdeclared here
[40.589s]   134 |   double [01;36m[Kget_value[m[K() const
[40.589s]       |          [01;36m[K^~~~~~~~~[m[K
[41.574s] [01m[K/home/ros/ros2_ws/src/ros-controls/ros2_controllers/steering_controllers_library/test/test_steering_controllers_library.cpp:193:58:[m[K [01;35m[Kwarning: [m[Kâ€˜[01m[Kdouble hardware_interface::LoanedCommandInterface::[01;32m[Kget_value[m[K() const[m[Kâ€™ is deprecated: Use std::optional<T> get_optional() instead to retrieve the value. This method will be removed by the ROS 2 Kilted Kaiju release. [[01;35m[K]8;;https://gcc.gnu.org/onlinedocs/gcc/Warning-Options.html#index-Wdeprecated-declarations-Wdeprecated-declarations]8;;[m[K]
[41.575s]   193 |   EXPECT_EQ([01;35m[Kcontroller_->command_interfaces_[0].get_value()[m[K, 0);
[41.575s]       |             [01;35m[K~~~~~~~~~~~~~~~~~~~~~~~~~~~~~~~~~~~~~~~~~~~~~^~[m[K
[41.575s] [01m[K/opt/ros/jazzy/src/gtest_vendor/include/gtest/gtest_pred_impl.h:79:52:[m[K [01;36m[Knote: [m[Kin definition of macro â€˜[01m[KGTEST_ASSERT_[m[Kâ€™
[41.575s]    79 |   if (const ::testing::AssertionResult gtest_ar = ([01;36m[Kexpression[m[K)) \
[41.575s]       |                                                    [01;36m[K^~~~~~~~~~[m[K
[41.575s] [01m[K/opt/ros/jazzy/src/gtest_vendor/include/gtest/gtest_pred_impl.h:144:3:[m[K [01;36m[Knote: [m[Kin expansion of macro â€˜[01m[KGTEST_PRED_FORMAT2_[m[Kâ€™
[41.575s]   144 |   [01;36m[KGTEST_PRED_FORMAT2_[m[K(pred_format, v1, v2, GTEST_NONFATAL_FAILURE_)
[41.575s]       |   [01;36m[K^~~~~~~~~~~~~~~~~~~[m[K
[41.575s] [01m[K/opt/ros/jazzy/src/gtest_vendor/include/gtest/gtest.h:1869:3:[m[K [01;36m[Knote: [m[Kin expansion of macro â€˜[01m[KEXPECT_PRED_FORMAT2[m[Kâ€™
[41.575s]  1869 |   [01;36m[KEXPECT_PRED_FORMAT2[m[K(::testing::internal::EqHelper::Compare, val1, val2)
[41.575s]       |   [01;36m[K^~~~~~~~~~~~~~~~~~~[m[K
[41.575s] [01m[K/home/ros/ros2_ws/src/ros-controls/ros2_controllers/steering_controllers_library/test/test_steering_controllers_library.cpp:193:3:[m[K [01;36m[Knote: [m[Kin expansion of macro â€˜[01m[KEXPECT_EQ[m[Kâ€™
[41.575s]   193 |   [01;36m[KEXPECT_EQ[m[K(controller_->command_interfaces_[0].get_value(), 0);
[41.575s]       |   [01;36m[K^~~~~~~~~[m[K
[41.575s] [01m[K/home/ros/ros2_ws/install/hardware_interface/include/hardware_interface/hardware_interface/loaned_command_interface.hpp:134:10:[m[K [01;36m[Knote: [m[Kdeclared here
[41.575s]   134 |   double [01;36m[Kget_value[m[K() const
[41.575s]       |          [01;36m[K^~~~~~~~~[m[K
[41.575s] [01m[K/home/ros/ros2_ws/src/ros-controls/ros2_controllers/steering_controllers_library/test/test_steering_controllers_library.cpp:194:58:[m[K [01;35m[Kwarning: [m[Kâ€˜[01m[Kdouble hardware_interface::LoanedCommandInterface::[01;32m[Kget_value[m[K() const[m[Kâ€™ is deprecated: Use std::optional<T> get_optional() instead to retrieve the value. This method will be removed by the ROS 2 Kilted Kaiju release. [[01;35m[K]8;;https://gcc.gnu.org/onlinedocs/gcc/Warning-Options.html#index-Wdeprecated-declarations-Wdeprecated-declarations]8;;[m[K]
[41.575s]   194 |   EXPECT_EQ([01;35m[Kcontroller_->command_interfaces_[1].get_value()[m[K, 0);
[41.575s]       |             [01;35m[K~~~~~~~~~~~~~~~~~~~~~~~~~~~~~~~~~~~~~~~~~~~~~^~[m[K
[41.575s] [01m[K/opt/ros/jazzy/src/gtest_vendor/include/gtest/gtest_pred_impl.h:79:52:[m[K [01;36m[Knote: [m[Kin definition of macro â€˜[01m[KGTEST_ASSERT_[m[Kâ€™
[41.575s]    79 |   if (const ::testing::AssertionResult gtest_ar = ([01;36m[Kexpression[m[K)) \
[41.576s]       |                                                    [01;36m[K^~~~~~~~~~[m[K
[41.576s] [01m[K/opt/ros/jazzy/src/gtest_vendor/include/gtest/gtest_pred_impl.h:144:3:[m[K [01;36m[Knote: [m[Kin expansion of macro â€˜[01m[KGTEST_PRED_FORMAT2_[m[Kâ€™
[41.576s]   144 |   [01;36m[KGTEST_PRED_FORMAT2_[m[K(pred_format, v1, v2, GTEST_NONFATAL_FAILURE_)
[41.576s]       |   [01;36m[K^~~~~~~~~~~~~~~~~~~[m[K
[41.576s] [01m[K/opt/ros/jazzy/src/gtest_vendor/include/gtest/gtest.h:1869:3:[m[K [01;36m[Knote: [m[Kin expansion of macro â€˜[01m[KEXPECT_PRED_FORMAT2[m[Kâ€™
[41.576s]  1869 |   [01;36m[KEXPECT_PRED_FORMAT2[m[K(::testing::internal::EqHelper::Compare, val1, val2)
[41.576s]       |   [01;36m[K^~~~~~~~~~~~~~~~~~~[m[K
[41.580s] [01m[K/home/ros/ros2_ws/src/ros-controls/ros2_controllers/steering_controllers_library/test/test_steering_controllers_library.cpp:194:3:[m[K [01;36m[Knote: [m[Kin expansion of macro â€˜[01m[KEXPECT_EQ[m[Kâ€™
[41.580s]   194 |   [01;36m[KEXPECT_EQ[m[K(controller_->command_interfaces_[1].get_value(), 0);
[41.580s]       |   [01;36m[K^~~~~~~~~[m[K
[41.580s] [01m[K/home/ros/ros2_ws/install/hardware_interface/include/hardware_interface/hardware_interface/loaned_command_interface.hpp:134:10:[m[K [01;36m[Knote: [m[Kdeclared here
[41.580s]   134 |   double [01;36m[Kget_value[m[K() const
[41.580s]       |          [01;36m[K^~~~~~~~~[m[K
[41.580s] [01m[K/home/ros/ros2_ws/src/ros-controls/ros2_controllers/steering_controllers_library/test/test_steering_controllers_library.cpp:197:60:[m[K [01;35m[Kwarning: [m[Kâ€˜[01m[Kdouble hardware_interface::LoanedCommandInterface::[01;32m[Kget_value[m[K() const[m[Kâ€™ is deprecated: Use std::optional<T> get_optional() instead to retrieve the value. This method will be removed by the ROS 2 Kilted Kaiju release. [[01;35m[K]8;;https://gcc.gnu.org/onlinedocs/gcc/Warning-Options.html#index-Wdeprecated-declarations-Wdeprecated-declarations]8;;[m[K]
[41.580s]   197 |   EXPECT_NEAR([01;35m[Kcontroller_->command_interfaces_[2].get_value()[m[K, 0.575875, 1e-6);
[41.580s]       |               [01;35m[K~~~~~~~~~~~~~~~~~~~~~~~~~~~~~~~~~~~~~~~~~~~~~^~[m[K
[41.581s] [01m[K/opt/ros/jazzy/src/gtest_vendor/include/gtest/gtest_pred_impl.h:79:52:[m[K [01;36m[Knote: [m[Kin definition of macro â€˜[01m[KGTEST_ASSERT_[m[Kâ€™
[41.581s]    79 |   if (const ::testing::AssertionResult gtest_ar = ([01;36m[Kexpression[m[K)) \
[41.581s]       |                                                    [01;36m[K^~~~~~~~~~[m[K
[41.581s] [01m[K/opt/ros/jazzy/src/gtest_vendor/include/gtest/gtest_pred_impl.h:183:3:[m[K [01;36m[Knote: [m[Kin expansion of macro â€˜[01m[KGTEST_PRED_FORMAT3_[m[Kâ€™
[41.581s]   183 |   [01;36m[KGTEST_PRED_FORMAT3_[m[K(pred_format, v1, v2, v3, GTEST_NONFATAL_FAILURE_)
[41.581s]       |   [01;36m[K^~~~~~~~~~~~~~~~~~~[m[K
[41.581s] [01m[K/opt/ros/jazzy/src/gtest_vendor/include/gtest/gtest.h:1986:3:[m[K [01;36m[Knote: [m[Kin expansion of macro â€˜[01m[KEXPECT_PRED_FORMAT3[m[Kâ€™
[41.581s]  1986 |   [01;36m[KEXPECT_PRED_FORMAT3[m[K(::testing::internal::DoubleNearPredFormat, val1, val2, \
[41.581s]       |   [01;36m[K^~~~~~~~~~~~~~~~~~~[m[K
[41.581s] [01m[K/home/ros/ros2_ws/src/ros-controls/ros2_controllers/steering_controllers_library/test/test_steering_controllers_library.cpp:197:3:[m[K [01;36m[Knote: [m[Kin expansion of macro â€˜[01m[KEXPECT_NEAR[m[Kâ€™
[41.581s]   197 |   [01;36m[KEXPECT_NEAR[m[K(controller_->command_interfaces_[2].get_value(), 0.575875, 1e-6);
[41.581s]       |   [01;36m[K^~~~~~~~~~~[m[K
[41.581s] [01m[K/home/ros/ros2_ws/install/hardware_interface/include/hardware_interface/hardware_interface/loaned_command_interface.hpp:134:10:[m[K [01;36m[Knote: [m[Kdeclared here
[41.581s]   134 |   double [01;36m[Kget_value[m[K() const
[41.581s]       |          [01;36m[K^~~~~~~~~[m[K
[41.581s] [01m[K/home/ros/ros2_ws/src/ros-controls/ros2_controllers/steering_controllers_library/test/test_steering_controllers_library.cpp:198:60:[m[K [01;35m[Kwarning: [m[Kâ€˜[01m[Kdouble hardware_interface::LoanedCommandInterface::[01;32m[Kget_value[m[K() const[m[Kâ€™ is deprecated: Use std::optional<T> get_optional() instead to retrieve the value. This method will be removed by the ROS 2 Kilted Kaiju release. [[01;35m[K]8;;https://gcc.gnu.org/onlinedocs/gcc/Warning-Options.html#index-Wdeprecated-declarations-Wdeprecated-declarations]8;;[m[K]
[41.581s]   198 |   EXPECT_NEAR([01;35m[Kcontroller_->command_interfaces_[3].get_value()[m[K, 0.575875, 1e-6);
[41.600s]       |               [01;35m[K~~~~~~~~~~~~~~~~~~~~~~~~~~~~~~~~~~~~~~~~~~~~~^~[m[K
[41.600s] [01m[K/opt/ros/jazzy/src/gtest_vendor/include/gtest/gtest_pred_impl.h:79:52:[m[K [01;36m[Knote: [m[Kin definition of macro â€˜[01m[KGTEST_ASSERT_[m[Kâ€™
[41.600s]    79 |   if (const ::testing::AssertionResult gtest_ar = ([01;36m[Kexpression[m[K)) \
[41.600s]       |                                                    [01;36m[K^~~~~~~~~~[m[K
[41.600s] [01m[K/opt/ros/jazzy/src/gtest_vendor/include/gtest/gtest_pred_impl.h:183:3:[m[K [01;36m[Knote: [m[Kin expansion of macro â€˜[01m[KGTEST_PRED_FORMAT3_[m[Kâ€™
[41.600s]   183 |   [01;36m[KGTEST_PRED_FORMAT3_[m[K(pred_format, v1, v2, v3, GTEST_NONFATAL_FAILURE_)
[41.601s]       |   [01;36m[K^~~~~~~~~~~~~~~~~~~[m[K
[41.601s] [01m[K/opt/ros/jazzy/src/gtest_vendor/include/gtest/gtest.h:1986:3:[m[K [01;36m[Knote: [m[Kin expansion of macro â€˜[01m[KEXPECT_PRED_FORMAT3[m[Kâ€™
[41.601s]  1986 |   [01;36m[KEXPECT_PRED_FORMAT3[m[K(::testing::internal::DoubleNearPredFormat, val1, val2, \
[41.601s]       |   [01;36m[K^~~~~~~~~~~~~~~~~~~[m[K
[41.601s] [01m[K/home/ros/ros2_ws/src/ros-controls/ros2_controllers/steering_controllers_library/test/test_steering_controllers_library.cpp:198:3:[m[K [01;36m[Knote: [m[Kin expansion of macro â€˜[01m[KEXPECT_NEAR[m[Kâ€™
[41.602s]   198 |   [01;36m[KEXPECT_NEAR[m[K(controller_->command_interfaces_[3].get_value(), 0.575875, 1e-6);
[41.602s]       |   [01;36m[K^~~~~~~~~~~[m[K
[41.602s] [01m[K/home/ros/ros2_ws/install/hardware_interface/include/hardware_interface/hardware_interface/loaned_command_interface.hpp:134:10:[m[K [01;36m[Knote: [m[Kdeclared here
[41.602s]   134 |   double [01;36m[Kget_value[m[K() const
[41.602s]       |          [01;36m[K^~~~~~~~~[m[K
[45.279s] [ 85%] [32m[1mLinking CXX executable test_steering_controllers_library[0m
[46.099s] [ 85%] Built target test_steering_controllers_library
[46.201s] [ 92%] [32mBuilding CXX object CMakeFiles/test_steering_odometry.dir/test/test_steering_odometry.cpp.o[0m
[48.700s] [100%] [32m[1mLinking CXX executable test_steering_odometry[0m
[49.297s] [100%] Built target test_steering_odometry
[49.349s] Invoked command in '/home/ros/ros2_ws/build/steering_controllers_library' returned '0': AMENT_PREFIX_PATH=/home/ros/ros2_ws/install/controller_manager:/home/ros/ros2_ws/install/hardware_interface_testing:/home/ros/ros2_ws/install/controller_interface:/home/ros/ros2_ws/install/hardware_interface:/home/ros/ros2_ws/install/joint_limits:/home/ros/ros2_ws/install/realtime_tools:/home/ros/ros2_ws/install/ros2_control_test_assets:/home/ros/ros2_ws/install/ros2_control_cmake:/home/ros/ros2_ws/install/controller_manager_msgs:/home/ros/ros2_ws/install/control_msgs:${AMENT_PREFIX_PATH} CMAKE_PREFIX_PATH=/home/ros/ros2_ws/install/controller_manager:/home/ros/ros2_ws/install/hardware_interface_testing:/home/ros/ros2_ws/install/controller_interface:/home/ros/ros2_ws/install/hardware_interface:/home/ros/ros2_ws/install/joint_limits:/home/ros/ros2_ws/install/realtime_tools:/home/ros/ros2_ws/install/ros2_control_test_assets:/home/ros/ros2_ws/install/ros2_control_cmake:/home/ros/ros2_ws/install/controller_manager_msgs:/home/ros/ros2_ws/install/control_msgs:/home/ros/ros2_ws/install/gz_ros2_control_tests:/home/ros/ros2_ws/install/gz_ros2_control_demos:/home/ros/ros2_ws/install/gz_ros2_control:/opt/ros/jazzy/opt/gz_sim_vendor:/opt/ros/jazzy/opt/gz_sensors_vendor:/opt/ros/jazzy/opt/gz_physics_vendor:/opt/ros/jazzy/opt/sdformat_vendor:/opt/ros/jazzy/opt/gz_gui_vendor:/opt/ros/jazzy/opt/gz_transport_vendor:/opt/ros/jazzy/opt/gz_rendering_vendor:/opt/ros/jazzy/opt/gz_plugin_vendor:/opt/ros/jazzy/opt/gz_fuel_tools_vendor:/opt/ros/jazzy/opt/gz_msgs_vendor:/opt/ros/jazzy/opt/gz_common_vendor:/opt/ros/jazzy/opt/gz_math_vendor:/opt/ros/jazzy/opt/gz_utils_vendor:/opt/ros/jazzy/opt/gz_tools_vendor:/opt/ros/jazzy/opt/gz_ogre_next_vendor:/opt/ros/jazzy/opt/gz_dartsim_vendor:/opt/ros/jazzy/opt/gz_cmake_vendor:/home/ros/ros2_ws/install/warehouse_sim:/home/ros/ros2_ws/install/color_detection:/opt/ros/jazzy DEBUGINFOD_URLS=https://debuginfod.ubuntu.com LD_LIBRARY_PATH=/home/ros/ros2_ws/install/controller_manager/lib:/home/ros/ros2_ws/install/hardware_interface_testing/lib:/home/ros/ros2_ws/install/controller_interface/lib:/home/ros/ros2_ws/install/hardware_interface/lib:/home/ros/ros2_ws/install/joint_limits/lib:/home/ros/ros2_ws/install/realtime_tools/lib:/home/ros/ros2_ws/install/ros2_control_test_assets/lib:/home/ros/ros2_ws/install/controller_manager_msgs/lib:/home/ros/ros2_ws/install/control_msgs/lib:${LD_LIBRARY_PATH} PYTHONPATH=/home/ros/ros2_ws/install/controller_manager/lib/python3.12/site-packages:/home/ros/ros2_ws/install/controller_manager_msgs/lib/python3.12/site-packages:/home/ros/ros2_ws/install/control_msgs/lib/python3.12/site-packages:${PYTHONPATH} /usr/bin/cmake --build /home/ros/ros2_ws/build/steering_controllers_library -- -j2 -l2
[49.353s] Invoking command in '/home/ros/ros2_ws/build/steering_controllers_library': AMENT_PREFIX_PATH=/home/ros/ros2_ws/install/controller_manager:/home/ros/ros2_ws/install/hardware_interface_testing:/home/ros/ros2_ws/install/controller_interface:/home/ros/ros2_ws/install/hardware_interface:/home/ros/ros2_ws/install/joint_limits:/home/ros/ros2_ws/install/realtime_tools:/home/ros/ros2_ws/install/ros2_control_test_assets:/home/ros/ros2_ws/install/ros2_control_cmake:/home/ros/ros2_ws/install/controller_manager_msgs:/home/ros/ros2_ws/install/control_msgs:${AMENT_PREFIX_PATH} CMAKE_PREFIX_PATH=/home/ros/ros2_ws/install/controller_manager:/home/ros/ros2_ws/install/hardware_interface_testing:/home/ros/ros2_ws/install/controller_interface:/home/ros/ros2_ws/install/hardware_interface:/home/ros/ros2_ws/install/joint_limits:/home/ros/ros2_ws/install/realtime_tools:/home/ros/ros2_ws/install/ros2_control_test_assets:/home/ros/ros2_ws/install/ros2_control_cmake:/home/ros/ros2_ws/install/controller_manager_msgs:/home/ros/ros2_ws/install/control_msgs:/home/ros/ros2_ws/install/gz_ros2_control_tests:/home/ros/ros2_ws/install/gz_ros2_control_demos:/home/ros/ros2_ws/install/gz_ros2_control:/opt/ros/jazzy/opt/gz_sim_vendor:/opt/ros/jazzy/opt/gz_sensors_vendor:/opt/ros/jazzy/opt/gz_physics_vendor:/opt/ros/jazzy/opt/sdformat_vendor:/opt/ros/jazzy/opt/gz_gui_vendor:/opt/ros/jazzy/opt/gz_transport_vendor:/opt/ros/jazzy/opt/gz_rendering_vendor:/opt/ros/jazzy/opt/gz_plugin_vendor:/opt/ros/jazzy/opt/gz_fuel_tools_vendor:/opt/ros/jazzy/opt/gz_msgs_vendor:/opt/ros/jazzy/opt/gz_common_vendor:/opt/ros/jazzy/opt/gz_math_vendor:/opt/ros/jazzy/opt/gz_utils_vendor:/opt/ros/jazzy/opt/gz_tools_vendor:/opt/ros/jazzy/opt/gz_ogre_next_vendor:/opt/ros/jazzy/opt/gz_dartsim_vendor:/opt/ros/jazzy/opt/gz_cmake_vendor:/home/ros/ros2_ws/install/warehouse_sim:/home/ros/ros2_ws/install/color_detection:/opt/ros/jazzy DEBUGINFOD_URLS=https://debuginfod.ubuntu.com LD_LIBRARY_PATH=/home/ros/ros2_ws/install/controller_manager/lib:/home/ros/ros2_ws/install/hardware_interface_testing/lib:/home/ros/ros2_ws/install/controller_interface/lib:/home/ros/ros2_ws/install/hardware_interface/lib:/home/ros/ros2_ws/install/joint_limits/lib:/home/ros/ros2_ws/install/realtime_tools/lib:/home/ros/ros2_ws/install/ros2_control_test_assets/lib:/home/ros/ros2_ws/install/controller_manager_msgs/lib:/home/ros/ros2_ws/install/control_msgs/lib:${LD_LIBRARY_PATH} PYTHONPATH=/home/ros/ros2_ws/install/controller_manager/lib/python3.12/site-packages:/home/ros/ros2_ws/install/controller_manager_msgs/lib/python3.12/site-packages:/home/ros/ros2_ws/install/control_msgs/lib/python3.12/site-packages:${PYTHONPATH} /usr/bin/cmake --install /home/ros/ros2_ws/build/steering_controllers_library
[49.369s] -- Install configuration: ""
[49.370s] -- Execute custom install script
[49.370s] -- Symlinking: /home/ros/ros2_ws/install/steering_controllers_library/include/steering_controllers_library/steering_controllers_library_parameters.hpp
[49.386s] -- Symlinking: /home/ros/ros2_ws/install/steering_controllers_library/include/steering_controllers_library/steering_controllers_library/steering_controllers_library.hpp
[49.586s] -- Symlinking: /home/ros/ros2_ws/install/steering_controllers_library/include/steering_controllers_library/steering_controllers_library/steering_odometry.hpp
[49.629s] -- Symlinking: /home/ros/ros2_ws/install/steering_controllers_library/share/steering_controllers_library/environment/library_path.sh
[50.620s] -- Symlinking: /home/ros/ros2_ws/install/steering_controllers_library/share/steering_controllers_library/environment/library_path.dsv
[50.693s] -- Symlinking: /home/ros/ros2_ws/install/steering_controllers_library/share/ament_index/resource_index/package_run_dependencies/steering_controllers_library
[50.734s] -- Symlinking: /home/ros/ros2_ws/install/steering_controllers_library/share/ament_index/resource_index/parent_prefix_path/steering_controllers_library
[50.745s] -- Symlinking: /home/ros/ros2_ws/install/steering_controllers_library/share/steering_controllers_library/environment/ament_prefix_path.sh
[50.797s] -- Symlinking: /home/ros/ros2_ws/install/steering_controllers_library/share/steering_controllers_library/environment/ament_prefix_path.dsv
[50.841s] -- Symlinking: /home/ros/ros2_ws/install/steering_controllers_library/share/steering_controllers_library/environment/path.sh
[50.861s] -- Symlinking: /home/ros/ros2_ws/install/steering_controllers_library/share/steering_controllers_library/environment/path.dsv
[50.875s] -- Symlinking: /home/ros/ros2_ws/install/steering_controllers_library/share/steering_controllers_library/local_setup.bash
[50.895s] -- Symlinking: /home/ros/ros2_ws/install/steering_controllers_library/share/steering_controllers_library/local_setup.sh
[51.636s] -- Symlinking: /home/ros/ros2_ws/install/steering_controllers_library/share/steering_controllers_library/local_setup.zsh
[51.673s] -- Symlinking: /home/ros/ros2_ws/install/steering_controllers_library/share/steering_controllers_library/local_setup.dsv
[51.711s] -- Symlinking: /home/ros/ros2_ws/install/steering_controllers_library/share/steering_controllers_library/package.dsv
[51.750s] -- Symlinking: /home/ros/ros2_ws/install/steering_controllers_library/share/ament_index/resource_index/packages/steering_controllers_library
[51.815s] -- Symlinking: /home/ros/ros2_ws/install/steering_controllers_library/share/steering_controllers_library/cmake/ament_cmake_export_dependencies-extras.cmake
[51.838s] -- Symlinking: /home/ros/ros2_ws/install/steering_controllers_library/share/steering_controllers_library/cmake/ament_cmake_export_targets-extras.cmake
[51.851s] -- Symlinking: /home/ros/ros2_ws/install/steering_controllers_library/share/steering_controllers_library/cmake/steering_controllers_libraryConfig.cmake
[51.871s] -- Symlinking: /home/ros/ros2_ws/install/steering_controllers_library/share/steering_controllers_library/cmake/steering_controllers_libraryConfig-version.cmake
[51.874s] -- Symlinking: /home/ros/ros2_ws/install/steering_controllers_library/share/steering_controllers_library/package.xml
[51.893s] -- Installing: /home/ros/ros2_ws/install/steering_controllers_library/lib/libsteering_controllers_library.so
[51.903s] -- Set non-toolchain portion of runtime path of "/home/ros/ros2_ws/install/steering_controllers_library/lib/libsteering_controllers_library.so" to ""
[51.903s] -- Installing: /home/ros/ros2_ws/install/steering_controllers_library/share/steering_controllers_library/cmake/export_steering_controllers_libraryExport.cmake
[51.904s] -- Installing: /home/ros/ros2_ws/install/steering_controllers_library/share/steering_controllers_library/cmake/export_steering_controllers_libraryExport-noconfig.cmake
[51.906s] Invoked command in '/home/ros/ros2_ws/build/steering_controllers_library' returned '0': AMENT_PREFIX_PATH=/home/ros/ros2_ws/install/controller_manager:/home/ros/ros2_ws/install/hardware_interface_testing:/home/ros/ros2_ws/install/controller_interface:/home/ros/ros2_ws/install/hardware_interface:/home/ros/ros2_ws/install/joint_limits:/home/ros/ros2_ws/install/realtime_tools:/home/ros/ros2_ws/install/ros2_control_test_assets:/home/ros/ros2_ws/install/ros2_control_cmake:/home/ros/ros2_ws/install/controller_manager_msgs:/home/ros/ros2_ws/install/control_msgs:${AMENT_PREFIX_PATH} CMAKE_PREFIX_PATH=/home/ros/ros2_ws/install/controller_manager:/home/ros/ros2_ws/install/hardware_interface_testing:/home/ros/ros2_ws/install/controller_interface:/home/ros/ros2_ws/install/hardware_interface:/home/ros/ros2_ws/install/joint_limits:/home/ros/ros2_ws/install/realtime_tools:/home/ros/ros2_ws/install/ros2_control_test_assets:/home/ros/ros2_ws/install/ros2_control_cmake:/home/ros/ros2_ws/install/controller_manager_msgs:/home/ros/ros2_ws/install/control_msgs:/home/ros/ros2_ws/install/gz_ros2_control_tests:/home/ros/ros2_ws/install/gz_ros2_control_demos:/home/ros/ros2_ws/install/gz_ros2_control:/opt/ros/jazzy/opt/gz_sim_vendor:/opt/ros/jazzy/opt/gz_sensors_vendor:/opt/ros/jazzy/opt/gz_physics_vendor:/opt/ros/jazzy/opt/sdformat_vendor:/opt/ros/jazzy/opt/gz_gui_vendor:/opt/ros/jazzy/opt/gz_transport_vendor:/opt/ros/jazzy/opt/gz_rendering_vendor:/opt/ros/jazzy/opt/gz_plugin_vendor:/opt/ros/jazzy/opt/gz_fuel_tools_vendor:/opt/ros/jazzy/opt/gz_msgs_vendor:/opt/ros/jazzy/opt/gz_common_vendor:/opt/ros/jazzy/opt/gz_math_vendor:/opt/ros/jazzy/opt/gz_utils_vendor:/opt/ros/jazzy/opt/gz_tools_vendor:/opt/ros/jazzy/opt/gz_ogre_next_vendor:/opt/ros/jazzy/opt/gz_dartsim_vendor:/opt/ros/jazzy/opt/gz_cmake_vendor:/home/ros/ros2_ws/install/warehouse_sim:/home/ros/ros2_ws/install/color_detection:/opt/ros/jazzy DEBUGINFOD_URLS=https://debuginfod.ubuntu.com LD_LIBRARY_PATH=/home/ros/ros2_ws/install/controller_manager/lib:/home/ros/ros2_ws/install/hardware_interface_testing/lib:/home/ros/ros2_ws/install/controller_interface/lib:/home/ros/ros2_ws/install/hardware_interface/lib:/home/ros/ros2_ws/install/joint_limits/lib:/home/ros/ros2_ws/install/realtime_tools/lib:/home/ros/ros2_ws/install/ros2_control_test_assets/lib:/home/ros/ros2_ws/install/controller_manager_msgs/lib:/home/ros/ros2_ws/install/control_msgs/lib:${LD_LIBRARY_PATH} PYTHONPATH=/home/ros/ros2_ws/install/controller_manager/lib/python3.12/site-packages:/home/ros/ros2_ws/install/controller_manager_msgs/lib/python3.12/site-packages:/home/ros/ros2_ws/install/control_msgs/lib/python3.12/site-packages:${PYTHONPATH} /usr/bin/cmake --install /home/ros/ros2_ws/build/steering_controllers_library
